{"obj": {"type": "AssignString", "path": ["sys", "name"], "value": "Untitled"}, "version": 1}
{"obj": {"type": "AssignString", "path": ["sys", "description"], "value": ""}, "version": 2}
{"obj": {"type": "AssignString", "path": ["sys", "hostname"], "value": "mmeapollo2"}, "version": 3}
{"obj": {"type": "AssignBool", "path": ["sys", "failed"], "value": false}, "version": 4}
{"obj": {"type": "ClearStringLog", "path": ["monitoring", "stdout"]}, "version": 5}
{"obj": {"type": "ClearStringLog", "path": ["monitoring", "stderr"]}, "version": 6}
{"obj": {"type": "AssignString", "path": ["source_code", "entrypoint"], "value": "Adaptive_Auto_Attack_main.py"}, "version": 7}
{"obj": {"type": "UploadFileSet", "path": ["source_code", "files"], "file_globs": ["/btherien/github/adaptive_auto_attack/Adaptive_Auto_Attack_main.py"], "reset": "False"}, "version": 8}
{"obj": {"type": "ConfigFloatSeries", "path": ["monitoring", "cpu"], "min": 0.0, "max": 100.0, "unit": "%"}, "version": 9}
{"obj": {"type": "ClearFloatLog", "path": ["monitoring", "cpu"]}, "version": 10}
{"obj": {"type": "ConfigFloatSeries", "path": ["monitoring", "memory"], "min": 0.0, "max": 362.0, "unit": "GB"}, "version": 11}
{"obj": {"type": "ClearFloatLog", "path": ["monitoring", "memory"]}, "version": 12}
{"obj": {"type": "ConfigFloatSeries", "path": ["monitoring", "gpu"], "min": 0.0, "max": 100.0, "unit": "%"}, "version": 13}
{"obj": {"type": "ClearFloatLog", "path": ["monitoring", "gpu"]}, "version": 14}
{"obj": {"type": "ConfigFloatSeries", "path": ["monitoring", "gpu_memory"], "min": 0.0, "max": 31.74853515625, "unit": "GB"}, "version": 15}
{"obj": {"type": "ClearFloatLog", "path": ["monitoring", "gpu_memory"]}, "version": 16}
{"obj": {"type": "AssignString", "path": ["parameters"], "value": "Config (path: config/mnist.py): {'model_name': 'TRADES_mnist', 'ep': 0.03, 'batch_size': 10000, 'random': True, 'average_number': 1000, 'device': None, 'kwargs': {'out_restart_num': 13}}"}, "version": 17}
{"obj": {"type": "LogStrings", "path": ["monitoring", "stdout"], "values": [{"value": "AAA TRADES_mnist", "step": null, "ts": 1653010803.888003}]}, "version": 18}
{"obj": {"type": "LogFloats", "path": ["monitoring", "memory"], "values": [{"value": 8.561260223388672, "step": null, "ts": 1653010803.8756092}]}, "version": 19}
{"obj": {"type": "LogStrings", "path": ["monitoring", "stdout"], "values": [{"value": "\n", "step": null, "ts": 1653010803.8889103}]}, "version": 20}
{"obj": {"type": "LogFloats", "path": ["monitoring", "gpu_memory"], "values": [{"value": 0.0118408203125, "step": null, "ts": 1653010803.8756092}]}, "version": 21}
{"obj": {"type": "LogStrings", "path": ["monitoring", "stdout"], "values": [{"value": "Adaptive_Auto_white_box_attack", "step": null, "ts": 1653010808.74961}]}, "version": 22}
{"obj": {"type": "LogStrings", "path": ["monitoring", "stdout"], "values": [{"value": " ", "step": null, "ts": 1653010808.7498164}]}, "version": 23}
{"obj": {"type": "LogStrings", "path": ["monitoring", "stdout"], "values": [{"value": "cuda:0", "step": null, "ts": 1653010808.7499068}]}, "version": 24}
{"obj": {"type": "LogStrings", "path": ["monitoring", "stdout"], "values": [{"value": "\n", "step": null, "ts": 1653010808.7499943}]}, "version": 25}
{"obj": {"type": "LogFloats", "path": ["monitoring", "cpu"], "values": [{"value": 6.488295536822859, "step": null, "ts": 1653010813.8905318}]}, "version": 26}
{"obj": {"type": "LogFloats", "path": ["monitoring", "memory"], "values": [{"value": 10.438224792480469, "step": null, "ts": 1653010813.8905318}]}, "version": 27}
{"obj": {"type": "LogFloats", "path": ["monitoring", "gpu_memory"], "values": [{"value": 1.1339111328125, "step": null, "ts": 1653010813.8905318}]}, "version": 28}
{"obj": {"type": "LogStrings", "path": ["monitoring", "stdout"], "values": [{"value": "clean acc:0.9948", "step": null, "ts": 1653010817.6320684}]}, "version": 29}
{"obj": {"type": "LogStrings", "path": ["monitoring", "stdout"], "values": [{"value": "\n", "step": null, "ts": 1653010817.632648}]}, "version": 30}
{"obj": {"type": "LogStrings", "path": ["monitoring", "stderr"], "values": [{"value": "\r  0%|                                                                                                            | 0/13 [00:00<?, ?it/s]", "step": null, "ts": 1653010817.634999}]}, "version": 31}
{"obj": {"type": "LogFloats", "path": ["monitoring", "cpu"], "values": [{"value": 3.3234035292465878, "step": null, "ts": 1653010823.9906623}]}, "version": 32}
{"obj": {"type": "LogFloats", "path": ["monitoring", "memory"], "values": [{"value": 10.607917785644531, "step": null, "ts": 1653010823.9906623}]}, "version": 33}
{"obj": {"type": "LogFloats", "path": ["monitoring", "gpu_memory"], "values": [{"value": 6.3897705078125, "step": null, "ts": 1653010823.9906623}]}, "version": 34}
{"obj": {"type": "LogStrings", "path": ["monitoring", "stdout"], "values": [{"value": "AAA_white_box", "step": null, "ts": 1653010825.3915133}]}, "version": 35}
{"obj": {"type": "LogStrings", "path": ["monitoring", "stdout"], "values": [{"value": " ", "step": null, "ts": 1653010825.3919857}]}, "version": 36}
{"obj": {"type": "LogStrings", "path": ["monitoring", "stdout"], "values": [{"value": "cuda:0", "step": null, "ts": 1653010825.3922873}]}, "version": 37}
{"obj": {"type": "LogStrings", "path": ["monitoring", "stdout"], "values": [{"value": "\n", "step": null, "ts": 1653010825.3925846}]}, "version": 38}
{"obj": {"type": "LogStrings", "path": ["monitoring", "stdout"], "values": [{"value": "No.0 clean_acc: 0.9948 robust acc: 0.9529 used_bp_num: 77526 used_fp_num: 184975 now_atk_num: 9923 now_correct_num: 9529.0 ", "step": null, "ts": 1653010829.3600895}]}, "version": 39}
{"obj": {"type": "LogStrings", "path": ["monitoring", "stdout"], "values": [{"value": "\n", "step": null, "ts": 1653010829.3605735}]}, "version": 40}
{"obj": {"type": "LogStrings", "path": ["monitoring", "stderr"], "values": [{"value": "", "step": null, "ts": 1653010829.3612022}]}, "version": 41}
{"obj": {"type": "LogStrings", "path": ["monitoring", "stderr"], "values": [{"value": "\r  0%|                                                                                                            | 0/13 [00:11<?, ?it/s]", "step": null, "ts": 1653010829.3620017}]}, "version": 42}
{"obj": {"type": "LogStrings", "path": ["monitoring", "stderr"], "values": [{"value": "\n", "step": null, "ts": 1653010829.3622885}]}, "version": 43}
{"obj": {"type": "LogStrings", "path": ["monitoring", "traceback"], "values": [{"value": "An uncaught exception occurred while run was active on worker mmeapollo2.", "step": null, "ts": 1653010829.3638966}, {"value": "Marking run as failed", "step": null, "ts": 1653010829.3638966}, {"value": "Traceback:", "step": null, "ts": 1653010829.3638966}, {"value": "  File \"Adaptive_Auto_Attack_main.py\", line 657, in <module>\n    main(flag='AAA',\n", "step": null, "ts": 1653010829.3638966}, {"value": "  File \"Adaptive_Auto_Attack_main.py\", line 575, in main\n    Adaptive_Auto_white_box_attack(\n", "step": null, "ts": 1653010829.3638966}, {"value": "  File \"Adaptive_Auto_Attack_main.py\", line 529, in Adaptive_Auto_white_box_attack\n    run[\"robust acc\"].log(not_suc_index.sum()/len(all_atk_labs))\n", "step": null, "ts": 1653010829.3638966}, {"value": "  File \"/opt/conda/lib/python3.8/site-packages/neptune/new/metadata_containers/metadata_container.py\", line 88, in inner_fun\n    raise InactiveRunException(label=self._label)\n", "step": null, "ts": 1653010829.3638966}, {"value": "", "step": null, "ts": 1653010829.3638966}, {"value": "\u001b[95m", "step": null, "ts": 1653010829.3638966}, {"value": "----InactiveRunException----------------------------------------", "step": null, "ts": 1653010829.3638966}]}, "version": 44}
{"obj": {"type": "LogStrings", "path": ["monitoring", "traceback"], "values": [{"value": "\u001b[0m", "step": null, "ts": 1653010829.3638966}, {"value": "It seems you are trying to log (or fetch) metadata to a run that was stopped (AD-5).", "step": null, "ts": 1653010829.3638966}, {"value": "", "step": null, "ts": 1653010829.3638966}, {"value": "What should I do?", "step": null, "ts": 1653010829.3638966}, {"value": "    - Resume the run to continue logging to it:", "step": null, "ts": 1653010829.3638966}, {"value": "    https://docs.neptune.ai/how-to-guides/neptune-api/resume-run#how-to-resume-run", "step": null, "ts": 1653010829.3638966}, {"value": "    - Don't invoke `stop()` on a run that you want to access. If you want to stop monitoring only,", "step": null, "ts": 1653010829.3638966}, {"value": "    you can resume a run in read-only mode:", "step": null, "ts": 1653010829.3638966}, {"value": "    https://docs.neptune.ai/you-should-know/connection-modes#read-only", "step": null, "ts": 1653010829.3638966}, {"value": "", "step": null, "ts": 1653010829.3638966}]}, "version": 45}
{"obj": {"type": "LogStrings", "path": ["monitoring", "traceback"], "values": [{"value": "You may also want to check the following docs pages:", "step": null, "ts": 1653010829.3638966}, {"value": "    - https://docs.neptune.ai/api-reference/run#.stop", "step": null, "ts": 1653010829.3638966}, {"value": "    - https://docs.neptune.ai/you-should-know/connection-modes", "step": null, "ts": 1653010829.3638966}, {"value": "", "step": null, "ts": 1653010829.3638966}, {"value": "\u001b[92mNeed help?\u001b[0m-> https://docs.neptune.ai/getting-started/getting-help", "step": null, "ts": 1653010829.3638966}, {"value": "", "step": null, "ts": 1653010829.3638966}]}, "version": 46}
{"obj": {"type": "AssignBool", "path": ["sys", "failed"], "value": true}, "version": 47}
{"obj": {"type": "LogStrings", "path": ["monitoring", "stderr"], "values": [{"value": "Traceback (most recent call last):\n", "step": null, "ts": 1653010829.3651924}]}, "version": 48}
{"obj": {"type": "LogStrings", "path": ["monitoring", "stderr"], "values": [{"value": "  File \"Adaptive_Auto_Attack_main.py\", line 657, in <module>\n", "step": null, "ts": 1653010829.3654716}]}, "version": 49}
{"obj": {"type": "LogStrings", "path": ["monitoring", "stderr"], "values": [{"value": "    ", "step": null, "ts": 1653010829.366281}]}, "version": 50}
{"obj": {"type": "LogStrings", "path": ["monitoring", "stderr"], "values": [{"value": "main(flag='AAA',", "step": null, "ts": 1653010829.3665423}]}, "version": 51}
{"obj": {"type": "LogStrings", "path": ["monitoring", "stderr"], "values": [{"value": "\n", "step": null, "ts": 1653010829.3667889}]}, "version": 52}
{"obj": {"type": "LogStrings", "path": ["monitoring", "stderr"], "values": [{"value": "  File \"Adaptive_Auto_Attack_main.py\", line 575, in main\n", "step": null, "ts": 1653010829.3670344}]}, "version": 53}
{"obj": {"type": "LogStrings", "path": ["monitoring", "stderr"], "values": [{"value": "    ", "step": null, "ts": 1653010829.3677022}]}, "version": 54}
{"obj": {"type": "LogStrings", "path": ["monitoring", "stderr"], "values": [{"value": "Adaptive_Auto_white_box_attack(", "step": null, "ts": 1653010829.3679414}]}, "version": 55}
{"obj": {"type": "LogStrings", "path": ["monitoring", "stderr"], "values": [{"value": "\n", "step": null, "ts": 1653010829.368179}]}, "version": 56}
{"obj": {"type": "LogStrings", "path": ["monitoring", "stderr"], "values": [{"value": "  File \"Adaptive_Auto_Attack_main.py\", line 529, in Adaptive_Auto_white_box_attack\n", "step": null, "ts": 1653010829.3684196}]}, "version": 57}
{"obj": {"type": "LogStrings", "path": ["monitoring", "stderr"], "values": [{"value": "    ", "step": null, "ts": 1653010829.3690379}]}, "version": 58}
{"obj": {"type": "LogStrings", "path": ["monitoring", "stderr"], "values": [{"value": "run[\"robust acc\"].log(not_suc_index.sum()/len(all_atk_labs))", "step": null, "ts": 1653010829.3693016}]}, "version": 59}
{"obj": {"type": "LogStrings", "path": ["monitoring", "stderr"], "values": [{"value": "\n", "step": null, "ts": 1653010829.3695412}]}, "version": 60}
{"obj": {"type": "LogStrings", "path": ["monitoring", "stderr"], "values": [{"value": "  File \"/opt/conda/lib/python3.8/site-packages/neptune/new/metadata_containers/metadata_container.py\", line 88, in inner_fun\n", "step": null, "ts": 1653010829.369779}]}, "version": 61}
{"obj": {"type": "LogStrings", "path": ["monitoring", "stderr"], "values": [{"value": "    ", "step": null, "ts": 1653010829.3701017}]}, "version": 62}
{"obj": {"type": "LogStrings", "path": ["monitoring", "stderr"], "values": [{"value": "raise InactiveRunException(label=self._label)", "step": null, "ts": 1653010829.37018}]}, "version": 63}
{"obj": {"type": "LogStrings", "path": ["monitoring", "stderr"], "values": [{"value": "\n", "step": null, "ts": 1653010829.3702586}]}, "version": 64}
{"obj": {"type": "LogStrings", "path": ["monitoring", "stderr"], "values": [{"value": "neptune.new.exceptions", "step": null, "ts": 1653010829.3703423}]}, "version": 65}
{"obj": {"type": "LogStrings", "path": ["monitoring", "stderr"], "values": [{"value": ".", "step": null, "ts": 1653010829.3704154}]}, "version": 66}
{"obj": {"type": "LogStrings", "path": ["monitoring", "stderr"], "values": [{"value": "InactiveRunException", "step": null, "ts": 1653010829.3705282}]}, "version": 67}
{"obj": {"type": "LogStrings", "path": ["monitoring", "stderr"], "values": [{"value": ": ", "step": null, "ts": 1653010829.370602}]}, "version": 68}
{"obj": {"type": "LogStrings", "path": ["monitoring", "stderr"], "values": [{"value": "\n\u001b[95m\n----InactiveRunException----------------------------------------\n\u001b[0m\nIt seems you are trying to log (or fetch) metadata to a run that was stopped (AD-5).\n\nWhat should I do?\n    - Resume the run to continue logging to it:\n    https://docs.neptune.ai/how-to-guides/neptune-api/resume-run#how-to-resume-run\n    - Don't invoke `stop()` on a run that you want to access. If you want to stop monitoring only,\n    you can resume a run in read-only mode:\n    https://docs.neptune.ai/you-should-know/connection-modes#read-only\n\nYou may also want to check the following docs pages:\n    - https://docs.neptune.ai/api-reference/run#.stop\n    - https://docs.neptune.ai/you-should-know/connection-modes\n\n\u001b[92mNeed help?\u001b[0m-> https://docs.neptune.ai/getting-started/getting-help\n", "step": null, "ts": 1653010829.3706937}]}, "version": 69}
{"obj": {"type": "LogStrings", "path": ["monitoring", "stderr"], "values": [{"value": "\n", "step": null, "ts": 1653010829.3707786}]}, "version": 70}
{"obj": {"type": "LogStrings", "path": ["monitoring", "stdout"], "values": [{"value": "", "step": null, "ts": 1653010829.371103}]}, "version": 71}
{"obj": {"type": "LogStrings", "path": ["monitoring", "stdout"], "values": [{"value": "Shutting down background jobs, please wait a moment...\n", "step": null, "ts": 1653010829.3712525}]}, "version": 72}
