{"obj": {"type": "AssignString", "path": ["sys", "name"], "value": "Untitled"}, "version": 1}
{"obj": {"type": "AssignString", "path": ["sys", "description"], "value": ""}, "version": 2}
{"obj": {"type": "AssignString", "path": ["sys", "hostname"], "value": "mmeapollo2"}, "version": 3}
{"obj": {"type": "AssignBool", "path": ["sys", "failed"], "value": false}, "version": 4}
{"obj": {"type": "ClearStringLog", "path": ["monitoring", "stdout"]}, "version": 5}
{"obj": {"type": "ClearStringLog", "path": ["monitoring", "stderr"]}, "version": 6}
{"obj": {"type": "AssignString", "path": ["source_code", "entrypoint"], "value": "Adaptive_Auto_Attack_main.py"}, "version": 7}
{"obj": {"type": "UploadFileSet", "path": ["source_code", "files"], "file_globs": ["/btherien/github/adaptive_auto_attack/Adaptive_Auto_Attack_main.py"], "reset": "False"}, "version": 8}
{"obj": {"type": "ConfigFloatSeries", "path": ["monitoring", "cpu"], "min": 0.0, "max": 100.0, "unit": "%"}, "version": 9}
{"obj": {"type": "ClearFloatLog", "path": ["monitoring", "cpu"]}, "version": 10}
{"obj": {"type": "ConfigFloatSeries", "path": ["monitoring", "memory"], "min": 0.0, "max": 362.0, "unit": "GB"}, "version": 11}
{"obj": {"type": "ClearFloatLog", "path": ["monitoring", "memory"]}, "version": 12}
{"obj": {"type": "ConfigFloatSeries", "path": ["monitoring", "gpu_0"], "min": 0.0, "max": 100.0, "unit": "%"}, "version": 13}
{"obj": {"type": "ClearFloatLog", "path": ["monitoring", "gpu_0"]}, "version": 14}
{"obj": {"type": "ConfigFloatSeries", "path": ["monitoring", "gpu_1"], "min": 0.0, "max": 100.0, "unit": "%"}, "version": 15}
{"obj": {"type": "ClearFloatLog", "path": ["monitoring", "gpu_1"]}, "version": 16}
{"obj": {"type": "ConfigFloatSeries", "path": ["monitoring", "gpu_2"], "min": 0.0, "max": 100.0, "unit": "%"}, "version": 17}
{"obj": {"type": "ClearFloatLog", "path": ["monitoring", "gpu_2"]}, "version": 18}
{"obj": {"type": "ConfigFloatSeries", "path": ["monitoring", "gpu_3"], "min": 0.0, "max": 100.0, "unit": "%"}, "version": 19}
{"obj": {"type": "ClearFloatLog", "path": ["monitoring", "gpu_3"]}, "version": 20}
{"obj": {"type": "ConfigFloatSeries", "path": ["monitoring", "gpu_4"], "min": 0.0, "max": 100.0, "unit": "%"}, "version": 21}
{"obj": {"type": "ClearFloatLog", "path": ["monitoring", "gpu_4"]}, "version": 22}
{"obj": {"type": "ConfigFloatSeries", "path": ["monitoring", "gpu_5"], "min": 0.0, "max": 100.0, "unit": "%"}, "version": 23}
{"obj": {"type": "ClearFloatLog", "path": ["monitoring", "gpu_5"]}, "version": 24}
{"obj": {"type": "ConfigFloatSeries", "path": ["monitoring", "gpu_6"], "min": 0.0, "max": 100.0, "unit": "%"}, "version": 25}
{"obj": {"type": "ClearFloatLog", "path": ["monitoring", "gpu_6"]}, "version": 26}
{"obj": {"type": "ConfigFloatSeries", "path": ["monitoring", "gpu_7"], "min": 0.0, "max": 100.0, "unit": "%"}, "version": 27}
{"obj": {"type": "ClearFloatLog", "path": ["monitoring", "gpu_7"]}, "version": 28}
{"obj": {"type": "ConfigFloatSeries", "path": ["monitoring", "gpu_memory_0"], "min": 0.0, "max": 31.74853515625, "unit": "GB"}, "version": 29}
{"obj": {"type": "ClearFloatLog", "path": ["monitoring", "gpu_memory_0"]}, "version": 30}
{"obj": {"type": "ConfigFloatSeries", "path": ["monitoring", "gpu_memory_1"], "min": 0.0, "max": 31.74853515625, "unit": "GB"}, "version": 31}
{"obj": {"type": "ClearFloatLog", "path": ["monitoring", "gpu_memory_1"]}, "version": 32}
{"obj": {"type": "ConfigFloatSeries", "path": ["monitoring", "gpu_memory_2"], "min": 0.0, "max": 31.74853515625, "unit": "GB"}, "version": 33}
{"obj": {"type": "ClearFloatLog", "path": ["monitoring", "gpu_memory_2"]}, "version": 34}
{"obj": {"type": "ConfigFloatSeries", "path": ["monitoring", "gpu_memory_3"], "min": 0.0, "max": 31.74853515625, "unit": "GB"}, "version": 35}
{"obj": {"type": "ClearFloatLog", "path": ["monitoring", "gpu_memory_3"]}, "version": 36}
{"obj": {"type": "ConfigFloatSeries", "path": ["monitoring", "gpu_memory_4"], "min": 0.0, "max": 31.74853515625, "unit": "GB"}, "version": 37}
{"obj": {"type": "ClearFloatLog", "path": ["monitoring", "gpu_memory_4"]}, "version": 38}
{"obj": {"type": "ConfigFloatSeries", "path": ["monitoring", "gpu_memory_5"], "min": 0.0, "max": 31.74853515625, "unit": "GB"}, "version": 39}
{"obj": {"type": "ClearFloatLog", "path": ["monitoring", "gpu_memory_5"]}, "version": 40}
{"obj": {"type": "ConfigFloatSeries", "path": ["monitoring", "gpu_memory_6"], "min": 0.0, "max": 31.74853515625, "unit": "GB"}, "version": 41}
{"obj": {"type": "ClearFloatLog", "path": ["monitoring", "gpu_memory_6"]}, "version": 42}
{"obj": {"type": "ConfigFloatSeries", "path": ["monitoring", "gpu_memory_7"], "min": 0.0, "max": 31.74853515625, "unit": "GB"}, "version": 43}
{"obj": {"type": "ClearFloatLog", "path": ["monitoring", "gpu_memory_7"]}, "version": 44}
{"obj": {"type": "AssignFloat", "path": ["parameters", "learning_rate"], "value": 0.001}, "version": 45}
{"obj": {"type": "AssignString", "path": ["parameters", "optimizer"], "value": "Adam"}, "version": 46}
{"obj": {"type": "LogFloats", "path": ["train", "loss"], "values": [{"value": 1.0, "step": null, "ts": 1653010747.1384683}]}, "version": 47}
{"obj": {"type": "LogFloats", "path": ["train", "loss"], "values": [{"value": 0.9, "step": null, "ts": 1653010747.138858}]}, "version": 48}
{"obj": {"type": "LogFloats", "path": ["train", "loss"], "values": [{"value": 0.81, "step": null, "ts": 1653010747.1389802}]}, "version": 49}
{"obj": {"type": "LogFloats", "path": ["train", "loss"], "values": [{"value": 0.7290000000000001, "step": null, "ts": 1653010747.1390932}]}, "version": 50}
{"obj": {"type": "LogFloats", "path": ["train", "loss"], "values": [{"value": 0.6561, "step": null, "ts": 1653010747.1392035}]}, "version": 51}
{"obj": {"type": "LogFloats", "path": ["train", "loss"], "values": [{"value": 0.5904900000000001, "step": null, "ts": 1653010747.1393106}]}, "version": 52}
{"obj": {"type": "LogFloats", "path": ["train", "loss"], "values": [{"value": 0.531441, "step": null, "ts": 1653010747.1394174}]}, "version": 53}
{"obj": {"type": "LogFloats", "path": ["train", "loss"], "values": [{"value": 0.4782969000000001, "step": null, "ts": 1653010747.139522}]}, "version": 54}
{"obj": {"type": "LogFloats", "path": ["train", "loss"], "values": [{"value": 0.4304672100000001, "step": null, "ts": 1653010747.139627}]}, "version": 55}
{"obj": {"type": "LogFloats", "path": ["train", "loss"], "values": [{"value": 0.3874204890000001, "step": null, "ts": 1653010747.139731}]}, "version": 56}
{"obj": {"type": "AssignFloat", "path": ["eval", "f1_score"], "value": 0.66}, "version": 57}
{"obj": {"type": "LogStrings", "path": ["monitoring", "stdout"], "values": [{"value": "", "step": null, "ts": 1653010747.1400118}]}, "version": 58}
{"obj": {"type": "LogStrings", "path": ["monitoring", "stdout"], "values": [{"value": "Shutting down background jobs, please wait a moment...\n", "step": null, "ts": 1653010747.1402032}]}, "version": 59}
{"obj": {"type": "LogFloats", "path": ["monitoring", "memory"], "values": [{"value": 8.835182189941406, "step": null, "ts": 1653010747.1269207}]}, "version": 60}
{"obj": {"type": "LogFloats", "path": ["monitoring", "gpu_0"], "values": [{"value": 98.0, "step": null, "ts": 1653010747.1269207}]}, "version": 61}
{"obj": {"type": "LogFloats", "path": ["monitoring", "gpu_1"], "values": [{"value": 100.0, "step": null, "ts": 1653010747.1269207}]}, "version": 62}
{"obj": {"type": "LogFloats", "path": ["monitoring", "gpu_memory_0"], "values": [{"value": 28.46490478515625, "step": null, "ts": 1653010747.1269207}]}, "version": 63}
{"obj": {"type": "LogFloats", "path": ["monitoring", "gpu_memory_1"], "values": [{"value": 29.04107666015625, "step": null, "ts": 1653010747.1269207}]}, "version": 64}
{"obj": {"type": "LogFloats", "path": ["monitoring", "gpu_memory_2"], "values": [{"value": 6.32135009765625, "step": null, "ts": 1653010747.1269207}]}, "version": 65}
{"obj": {"type": "LogFloats", "path": ["monitoring", "gpu_memory_3"], "values": [{"value": 5.1319580078125, "step": null, "ts": 1653010747.1269207}]}, "version": 66}
{"obj": {"type": "LogFloats", "path": ["monitoring", "gpu_memory_4"], "values": [{"value": 0.0118408203125, "step": null, "ts": 1653010747.1269207}]}, "version": 67}
{"obj": {"type": "LogFloats", "path": ["monitoring", "gpu_memory_5"], "values": [{"value": 0.01177978515625, "step": null, "ts": 1653010747.1269207}]}, "version": 68}
{"obj": {"type": "LogFloats", "path": ["monitoring", "gpu_memory_6"], "values": [{"value": 0.01177978515625, "step": null, "ts": 1653010747.1269207}]}, "version": 69}
{"obj": {"type": "LogFloats", "path": ["monitoring", "gpu_memory_7"], "values": [{"value": 0.01177978515625, "step": null, "ts": 1653010747.1269207}]}, "version": 70}
