{"obj": {"type": "AssignString", "path": ["sys", "name"], "value": "Untitled"}, "version": 1}
{"obj": {"type": "AssignString", "path": ["sys", "description"], "value": ""}, "version": 2}
{"obj": {"type": "AssignString", "path": ["sys", "hostname"], "value": "mmeapollo2"}, "version": 3}
{"obj": {"type": "AssignBool", "path": ["sys", "failed"], "value": false}, "version": 4}
{"obj": {"type": "ClearStringLog", "path": ["monitoring", "stdout"]}, "version": 5}
{"obj": {"type": "ClearStringLog", "path": ["monitoring", "stderr"]}, "version": 6}
{"obj": {"type": "AssignString", "path": ["source_code", "entrypoint"], "value": "Adaptive_Auto_Attack_main.py"}, "version": 7}
{"obj": {"type": "UploadFileSet", "path": ["source_code", "files"], "file_globs": ["/btherien/github/adaptive_auto_attack/Adaptive_Auto_Attack_main.py"], "reset": "False"}, "version": 8}
{"obj": {"type": "ConfigFloatSeries", "path": ["monitoring", "cpu"], "min": 0.0, "max": 100.0, "unit": "%"}, "version": 9}
{"obj": {"type": "ClearFloatLog", "path": ["monitoring", "cpu"]}, "version": 10}
{"obj": {"type": "ConfigFloatSeries", "path": ["monitoring", "memory"], "min": 0.0, "max": 362.0, "unit": "GB"}, "version": 11}
{"obj": {"type": "ClearFloatLog", "path": ["monitoring", "memory"]}, "version": 12}
{"obj": {"type": "ConfigFloatSeries", "path": ["monitoring", "gpu"], "min": 0.0, "max": 100.0, "unit": "%"}, "version": 13}
{"obj": {"type": "ClearFloatLog", "path": ["monitoring", "gpu"]}, "version": 14}
{"obj": {"type": "ConfigFloatSeries", "path": ["monitoring", "gpu_memory"], "min": 0.0, "max": 31.74853515625, "unit": "GB"}, "version": 15}
{"obj": {"type": "ClearFloatLog", "path": ["monitoring", "gpu_memory"]}, "version": 16}
{"obj": {"type": "AssignString", "path": ["parameters"], "value": "Config (path: config/mnist.py): {'model_name': 'TRADES_mnist', 'ep': 0.03, 'batch_size': 10000, 'random': True, 'average_number': 1000, 'device': None, 'kwargs': {'out_restart_num': 13}}"}, "version": 17}
{"obj": {"type": "LogStrings", "path": ["monitoring", "stdout"], "values": [{"value": "AAA TRADES_mnist", "step": null, "ts": 1653011354.833273}]}, "version": 18}
{"obj": {"type": "LogStrings", "path": ["monitoring", "stdout"], "values": [{"value": "\n", "step": null, "ts": 1653011354.8337443}]}, "version": 19}
{"obj": {"type": "LogFloats", "path": ["monitoring", "memory"], "values": [{"value": 8.462409973144531, "step": null, "ts": 1653011354.8221865}]}, "version": 20}
{"obj": {"type": "LogFloats", "path": ["monitoring", "gpu_memory"], "values": [{"value": 0.0118408203125, "step": null, "ts": 1653011354.8221865}]}, "version": 21}
{"obj": {"type": "LogStrings", "path": ["monitoring", "stdout"], "values": [{"value": "Adaptive_Auto_white_box_attack", "step": null, "ts": 1653011359.7314904}]}, "version": 22}
{"obj": {"type": "LogStrings", "path": ["monitoring", "stdout"], "values": [{"value": " ", "step": null, "ts": 1653011359.731717}]}, "version": 23}
{"obj": {"type": "LogStrings", "path": ["monitoring", "stdout"], "values": [{"value": "cuda:0", "step": null, "ts": 1653011359.7318141}]}, "version": 24}
{"obj": {"type": "LogStrings", "path": ["monitoring", "stdout"], "values": [{"value": "\n", "step": null, "ts": 1653011359.731902}]}, "version": 25}
{"obj": {"type": "LogFloats", "path": ["monitoring", "cpu"], "values": [{"value": 6.740998976677312, "step": null, "ts": 1653011364.8386736}]}, "version": 26}
{"obj": {"type": "LogFloats", "path": ["monitoring", "memory"], "values": [{"value": 10.335723876953125, "step": null, "ts": 1653011364.8386736}]}, "version": 27}
{"obj": {"type": "LogFloats", "path": ["monitoring", "gpu_memory"], "values": [{"value": 1.1339111328125, "step": null, "ts": 1653011364.8386736}]}, "version": 28}
{"obj": {"type": "LogStrings", "path": ["monitoring", "stdout"], "values": [{"value": "clean acc:0.9948", "step": null, "ts": 1653011368.5086825}]}, "version": 29}
{"obj": {"type": "LogStrings", "path": ["monitoring", "stdout"], "values": [{"value": "\n", "step": null, "ts": 1653011368.5091991}]}, "version": 30}
{"obj": {"type": "LogStrings", "path": ["monitoring", "stderr"], "values": [{"value": "\r  0%|                                                                                                            | 0/13 [00:00<?, ?it/s]", "step": null, "ts": 1653011368.5115108}]}, "version": 31}
{"obj": {"type": "LogFloats", "path": ["monitoring", "cpu"], "values": [{"value": 3.222246860334152, "step": null, "ts": 1653011374.84481}]}, "version": 32}
{"obj": {"type": "LogFloats", "path": ["monitoring", "memory"], "values": [{"value": 10.534244537353516, "step": null, "ts": 1653011374.84481}]}, "version": 33}
{"obj": {"type": "LogFloats", "path": ["monitoring", "gpu_memory"], "values": [{"value": 6.3897705078125, "step": null, "ts": 1653011374.84481}]}, "version": 34}
{"obj": {"type": "LogStrings", "path": ["monitoring", "stdout"], "values": [{"value": "AAA_white_box", "step": null, "ts": 1653011376.084923}]}, "version": 35}
{"obj": {"type": "LogStrings", "path": ["monitoring", "stdout"], "values": [{"value": " ", "step": null, "ts": 1653011376.0854442}]}, "version": 36}
{"obj": {"type": "LogStrings", "path": ["monitoring", "stdout"], "values": [{"value": "cuda:0", "step": null, "ts": 1653011376.0857527}]}, "version": 37}
{"obj": {"type": "LogStrings", "path": ["monitoring", "stdout"], "values": [{"value": "\n", "step": null, "ts": 1653011376.0860426}]}, "version": 38}
{"obj": {"type": "LogStrings", "path": ["monitoring", "stdout"], "values": [{"value": "No.0 clean_acc: 0.9948 robust acc: 0.9523 used_bp_num: 77491 used_fp_num: 184901 now_atk_num: 9919 now_correct_num: 9523.0 ", "step": null, "ts": 1653011380.0738842}]}, "version": 39}
{"obj": {"type": "LogStrings", "path": ["monitoring", "stdout"], "values": [{"value": "\n", "step": null, "ts": 1653011380.0744095}]}, "version": 40}
{"obj": {"type": "LogStrings", "path": ["monitoring", "stderr"], "values": [{"value": "", "step": null, "ts": 1653011380.0749917}]}, "version": 41}
{"obj": {"type": "LogStrings", "path": ["monitoring", "stderr"], "values": [{"value": "\r  0%|                                                                                                            | 0/13 [00:11<?, ?it/s]", "step": null, "ts": 1653011380.0757637}]}, "version": 42}
{"obj": {"type": "LogStrings", "path": ["monitoring", "stderr"], "values": [{"value": "\n", "step": null, "ts": 1653011380.0760493}]}, "version": 43}
{"obj": {"type": "LogStrings", "path": ["monitoring", "traceback"], "values": [{"value": "An uncaught exception occurred while run was active on worker mmeapollo2.", "step": null, "ts": 1653011380.077163}, {"value": "Marking run as failed", "step": null, "ts": 1653011380.077163}, {"value": "Traceback:", "step": null, "ts": 1653011380.077163}, {"value": "  File \"Adaptive_Auto_Attack_main.py\", line 644, in <module>\n    main(flag='AAA',\n", "step": null, "ts": 1653011380.077163}, {"value": "  File \"Adaptive_Auto_Attack_main.py\", line 576, in main\n    Adaptive_Auto_white_box_attack(\n", "step": null, "ts": 1653011380.077163}, {"value": "  File \"Adaptive_Auto_Attack_main.py\", line 530, in Adaptive_Auto_white_box_attack\n    run[\"robust_acc\"].log(robust_acc)\n", "step": null, "ts": 1653011380.077163}, {"value": "name 'run' is not defined", "step": null, "ts": 1653011380.077163}]}, "version": 44}
{"obj": {"type": "AssignBool", "path": ["sys", "failed"], "value": true}, "version": 45}
{"obj": {"type": "LogStrings", "path": ["monitoring", "stderr"], "values": [{"value": "Traceback (most recent call last):\n", "step": null, "ts": 1653011380.0778644}]}, "version": 46}
{"obj": {"type": "LogStrings", "path": ["monitoring", "stderr"], "values": [{"value": "  File \"Adaptive_Auto_Attack_main.py\", line 644, in <module>\n", "step": null, "ts": 1653011380.0781353}]}, "version": 47}
{"obj": {"type": "LogStrings", "path": ["monitoring", "stderr"], "values": [{"value": "    ", "step": null, "ts": 1653011380.0790074}]}, "version": 48}
{"obj": {"type": "LogStrings", "path": ["monitoring", "stderr"], "values": [{"value": "main(flag='AAA',", "step": null, "ts": 1653011380.0792575}]}, "version": 49}
{"obj": {"type": "LogStrings", "path": ["monitoring", "stderr"], "values": [{"value": "\n", "step": null, "ts": 1653011380.0795074}]}, "version": 50}
{"obj": {"type": "LogStrings", "path": ["monitoring", "stderr"], "values": [{"value": "  File \"Adaptive_Auto_Attack_main.py\", line 576, in main\n", "step": null, "ts": 1653011380.0797524}]}, "version": 51}
{"obj": {"type": "LogStrings", "path": ["monitoring", "stderr"], "values": [{"value": "    ", "step": null, "ts": 1653011380.0803525}]}, "version": 52}
{"obj": {"type": "LogStrings", "path": ["monitoring", "stderr"], "values": [{"value": "Adaptive_Auto_white_box_attack(", "step": null, "ts": 1653011380.0804448}]}, "version": 53}
{"obj": {"type": "LogStrings", "path": ["monitoring", "stderr"], "values": [{"value": "\n", "step": null, "ts": 1653011380.0805378}]}, "version": 54}
{"obj": {"type": "LogStrings", "path": ["monitoring", "stderr"], "values": [{"value": "  File \"Adaptive_Auto_Attack_main.py\", line 530, in Adaptive_Auto_white_box_attack\n", "step": null, "ts": 1653011380.0806327}]}, "version": 55}
{"obj": {"type": "LogStrings", "path": ["monitoring", "stderr"], "values": [{"value": "    ", "step": null, "ts": 1653011380.0808744}]}, "version": 56}
{"obj": {"type": "LogStrings", "path": ["monitoring", "stderr"], "values": [{"value": "run[\"robust_acc\"].log(robust_acc)", "step": null, "ts": 1653011380.0809643}]}, "version": 57}
{"obj": {"type": "LogStrings", "path": ["monitoring", "stderr"], "values": [{"value": "\n", "step": null, "ts": 1653011380.0810556}]}, "version": 58}
{"obj": {"type": "LogStrings", "path": ["monitoring", "stderr"], "values": [{"value": "NameError", "step": null, "ts": 1653011380.0811625}]}, "version": 59}
{"obj": {"type": "LogStrings", "path": ["monitoring", "stderr"], "values": [{"value": ": ", "step": null, "ts": 1653011380.081247}]}, "version": 60}
{"obj": {"type": "LogStrings", "path": ["monitoring", "stderr"], "values": [{"value": "name 'run' is not defined", "step": null, "ts": 1653011380.081329}]}, "version": 61}
{"obj": {"type": "LogStrings", "path": ["monitoring", "stderr"], "values": [{"value": "\n", "step": null, "ts": 1653011380.0814176}]}, "version": 62}
{"obj": {"type": "LogStrings", "path": ["monitoring", "stdout"], "values": [{"value": "", "step": null, "ts": 1653011380.081775}]}, "version": 63}
{"obj": {"type": "LogStrings", "path": ["monitoring", "stdout"], "values": [{"value": "Shutting down background jobs, please wait a moment...\n", "step": null, "ts": 1653011380.0819314}]}, "version": 64}
