{"obj": {"type": "AssignString", "path": ["sys", "name"], "value": "Untitled"}, "version": 1}
{"obj": {"type": "AssignString", "path": ["sys", "description"], "value": ""}, "version": 2}
{"obj": {"type": "AssignString", "path": ["sys", "hostname"], "value": "mmeapollo2"}, "version": 3}
{"obj": {"type": "AssignBool", "path": ["sys", "failed"], "value": false}, "version": 4}
{"obj": {"type": "ClearStringLog", "path": ["monitoring", "stdout"]}, "version": 5}
{"obj": {"type": "ClearStringLog", "path": ["monitoring", "stderr"]}, "version": 6}
{"obj": {"type": "AssignString", "path": ["source_code", "entrypoint"], "value": "Adaptive_Auto_Attack_main.py"}, "version": 7}
{"obj": {"type": "UploadFileSet", "path": ["source_code", "files"], "file_globs": ["/btherien/github/adaptive_auto_attack/Adaptive_Auto_Attack_main.py"], "reset": "False"}, "version": 8}
{"obj": {"type": "ConfigFloatSeries", "path": ["monitoring", "cpu"], "min": 0.0, "max": 100.0, "unit": "%"}, "version": 9}
{"obj": {"type": "ClearFloatLog", "path": ["monitoring", "cpu"]}, "version": 10}
{"obj": {"type": "ConfigFloatSeries", "path": ["monitoring", "memory"], "min": 0.0, "max": 362.0, "unit": "GB"}, "version": 11}
{"obj": {"type": "ClearFloatLog", "path": ["monitoring", "memory"]}, "version": 12}
{"obj": {"type": "ConfigFloatSeries", "path": ["monitoring", "gpu_0"], "min": 0.0, "max": 100.0, "unit": "%"}, "version": 13}
{"obj": {"type": "ClearFloatLog", "path": ["monitoring", "gpu_0"]}, "version": 14}
{"obj": {"type": "ConfigFloatSeries", "path": ["monitoring", "gpu_1"], "min": 0.0, "max": 100.0, "unit": "%"}, "version": 15}
{"obj": {"type": "ClearFloatLog", "path": ["monitoring", "gpu_1"]}, "version": 16}
{"obj": {"type": "ConfigFloatSeries", "path": ["monitoring", "gpu_2"], "min": 0.0, "max": 100.0, "unit": "%"}, "version": 17}
{"obj": {"type": "ClearFloatLog", "path": ["monitoring", "gpu_2"]}, "version": 18}
{"obj": {"type": "ConfigFloatSeries", "path": ["monitoring", "gpu_3"], "min": 0.0, "max": 100.0, "unit": "%"}, "version": 19}
{"obj": {"type": "ClearFloatLog", "path": ["monitoring", "gpu_3"]}, "version": 20}
{"obj": {"type": "ConfigFloatSeries", "path": ["monitoring", "gpu_4"], "min": 0.0, "max": 100.0, "unit": "%"}, "version": 21}
{"obj": {"type": "ClearFloatLog", "path": ["monitoring", "gpu_4"]}, "version": 22}
{"obj": {"type": "ConfigFloatSeries", "path": ["monitoring", "gpu_5"], "min": 0.0, "max": 100.0, "unit": "%"}, "version": 23}
{"obj": {"type": "ClearFloatLog", "path": ["monitoring", "gpu_5"]}, "version": 24}
{"obj": {"type": "ConfigFloatSeries", "path": ["monitoring", "gpu_6"], "min": 0.0, "max": 100.0, "unit": "%"}, "version": 25}
{"obj": {"type": "ClearFloatLog", "path": ["monitoring", "gpu_6"]}, "version": 26}
{"obj": {"type": "ConfigFloatSeries", "path": ["monitoring", "gpu_7"], "min": 0.0, "max": 100.0, "unit": "%"}, "version": 27}
{"obj": {"type": "ClearFloatLog", "path": ["monitoring", "gpu_7"]}, "version": 28}
{"obj": {"type": "ConfigFloatSeries", "path": ["monitoring", "gpu_memory_0"], "min": 0.0, "max": 31.74853515625, "unit": "GB"}, "version": 29}
{"obj": {"type": "ClearFloatLog", "path": ["monitoring", "gpu_memory_0"]}, "version": 30}
{"obj": {"type": "ConfigFloatSeries", "path": ["monitoring", "gpu_memory_1"], "min": 0.0, "max": 31.74853515625, "unit": "GB"}, "version": 31}
{"obj": {"type": "ClearFloatLog", "path": ["monitoring", "gpu_memory_1"]}, "version": 32}
{"obj": {"type": "ConfigFloatSeries", "path": ["monitoring", "gpu_memory_2"], "min": 0.0, "max": 31.74853515625, "unit": "GB"}, "version": 33}
{"obj": {"type": "ClearFloatLog", "path": ["monitoring", "gpu_memory_2"]}, "version": 34}
{"obj": {"type": "ConfigFloatSeries", "path": ["monitoring", "gpu_memory_3"], "min": 0.0, "max": 31.74853515625, "unit": "GB"}, "version": 35}
{"obj": {"type": "ClearFloatLog", "path": ["monitoring", "gpu_memory_3"]}, "version": 36}
{"obj": {"type": "ConfigFloatSeries", "path": ["monitoring", "gpu_memory_4"], "min": 0.0, "max": 31.74853515625, "unit": "GB"}, "version": 37}
{"obj": {"type": "ClearFloatLog", "path": ["monitoring", "gpu_memory_4"]}, "version": 38}
{"obj": {"type": "ConfigFloatSeries", "path": ["monitoring", "gpu_memory_5"], "min": 0.0, "max": 31.74853515625, "unit": "GB"}, "version": 39}
{"obj": {"type": "ClearFloatLog", "path": ["monitoring", "gpu_memory_5"]}, "version": 40}
{"obj": {"type": "ConfigFloatSeries", "path": ["monitoring", "gpu_memory_6"], "min": 0.0, "max": 31.74853515625, "unit": "GB"}, "version": 41}
{"obj": {"type": "ClearFloatLog", "path": ["monitoring", "gpu_memory_6"]}, "version": 42}
{"obj": {"type": "ConfigFloatSeries", "path": ["monitoring", "gpu_memory_7"], "min": 0.0, "max": 31.74853515625, "unit": "GB"}, "version": 43}
{"obj": {"type": "ClearFloatLog", "path": ["monitoring", "gpu_memory_7"]}, "version": 44}
{"obj": {"type": "AssignString", "path": ["parameters"], "value": "Config (path: config/mnist.py): {'model_name': 'TRADES_mnist', 'ep': 0.03, 'batch_size': 10000, 'random': True, 'average_number': 1000, 'device': None, 'kwargs': {'out_restart_num': 13}}"}, "version": 45}
{"obj": {"type": "LogStrings", "path": ["monitoring", "stdout"], "values": [{"value": "AAA TRADES_mnist", "step": null, "ts": 1653010687.199248}]}, "version": 46}
{"obj": {"type": "LogStrings", "path": ["monitoring", "stdout"], "values": [{"value": "\n", "step": null, "ts": 1653010687.1996808}]}, "version": 47}
{"obj": {"type": "LogFloats", "path": ["monitoring", "memory"], "values": [{"value": 8.357845306396484, "step": null, "ts": 1653010687.1866283}]}, "version": 48}
{"obj": {"type": "LogFloats", "path": ["monitoring", "gpu_0"], "values": [{"value": 92.0, "step": null, "ts": 1653010687.1866283}]}, "version": 49}
{"obj": {"type": "LogFloats", "path": ["monitoring", "gpu_1"], "values": [{"value": 100.0, "step": null, "ts": 1653010687.1866283}]}, "version": 50}
{"obj": {"type": "LogFloats", "path": ["monitoring", "gpu_memory_0"], "values": [{"value": 20.92974853515625, "step": null, "ts": 1653010687.1866283}]}, "version": 51}
{"obj": {"type": "LogFloats", "path": ["monitoring", "gpu_memory_1"], "values": [{"value": 28.38287353515625, "step": null, "ts": 1653010687.1866283}]}, "version": 52}
{"obj": {"type": "LogFloats", "path": ["monitoring", "gpu_memory_2"], "values": [{"value": 6.32135009765625, "step": null, "ts": 1653010687.1866283}]}, "version": 53}
{"obj": {"type": "LogFloats", "path": ["monitoring", "gpu_memory_3"], "values": [{"value": 5.1319580078125, "step": null, "ts": 1653010687.1866283}]}, "version": 54}
{"obj": {"type": "LogFloats", "path": ["monitoring", "gpu_memory_4"], "values": [{"value": 0.0118408203125, "step": null, "ts": 1653010687.1866283}]}, "version": 55}
{"obj": {"type": "LogFloats", "path": ["monitoring", "gpu_memory_5"], "values": [{"value": 0.01177978515625, "step": null, "ts": 1653010687.1866283}]}, "version": 56}
{"obj": {"type": "LogFloats", "path": ["monitoring", "gpu_memory_6"], "values": [{"value": 0.01177978515625, "step": null, "ts": 1653010687.1866283}]}, "version": 57}
{"obj": {"type": "LogFloats", "path": ["monitoring", "gpu_memory_7"], "values": [{"value": 0.01177978515625, "step": null, "ts": 1653010687.1866283}]}, "version": 58}
{"obj": {"type": "LogStrings", "path": ["monitoring", "stdout"], "values": [{"value": "Adaptive_Auto_white_box_attack", "step": null, "ts": 1653010696.1175268}]}, "version": 59}
{"obj": {"type": "LogStrings", "path": ["monitoring", "stdout"], "values": [{"value": " ", "step": null, "ts": 1653010696.1178584}]}, "version": 60}
{"obj": {"type": "LogStrings", "path": ["monitoring", "stdout"], "values": [{"value": "cuda:0", "step": null, "ts": 1653010696.1179538}]}, "version": 61}
{"obj": {"type": "LogStrings", "path": ["monitoring", "stdout"], "values": [{"value": "\n", "step": null, "ts": 1653010696.1180384}]}, "version": 62}
{"obj": {"type": "LogFloats", "path": ["monitoring", "cpu"], "values": [{"value": 5.838977750399711, "step": null, "ts": 1653010697.2505121}]}, "version": 63}
{"obj": {"type": "LogFloats", "path": ["monitoring", "memory"], "values": [{"value": 10.209999084472656, "step": null, "ts": 1653010697.2505121}]}, "version": 64}
{"obj": {"type": "LogFloats", "path": ["monitoring", "gpu_0"], "values": [{"value": 100.0, "step": null, "ts": 1653010697.2505121}]}, "version": 65}
{"obj": {"type": "LogFloats", "path": ["monitoring", "gpu_1"], "values": [{"value": 100.0, "step": null, "ts": 1653010697.2505121}]}, "version": 66}
{"obj": {"type": "LogFloats", "path": ["monitoring", "gpu_memory_0"], "values": [{"value": 26.21197509765625, "step": null, "ts": 1653010697.2505121}]}, "version": 67}
{"obj": {"type": "LogFloats", "path": ["monitoring", "gpu_memory_1"], "values": [{"value": 28.38287353515625, "step": null, "ts": 1653010697.2505121}]}, "version": 68}
{"obj": {"type": "LogFloats", "path": ["monitoring", "gpu_memory_2"], "values": [{"value": 6.32135009765625, "step": null, "ts": 1653010697.2505121}]}, "version": 69}
{"obj": {"type": "LogFloats", "path": ["monitoring", "gpu_memory_3"], "values": [{"value": 5.1319580078125, "step": null, "ts": 1653010697.2505121}]}, "version": 70}
{"obj": {"type": "LogFloats", "path": ["monitoring", "gpu_memory_4"], "values": [{"value": 0.0118408203125, "step": null, "ts": 1653010697.2505121}]}, "version": 71}
{"obj": {"type": "LogFloats", "path": ["monitoring", "gpu_memory_5"], "values": [{"value": 0.01177978515625, "step": null, "ts": 1653010697.2505121}]}, "version": 72}
{"obj": {"type": "LogFloats", "path": ["monitoring", "gpu_memory_6"], "values": [{"value": 0.01177978515625, "step": null, "ts": 1653010697.2505121}]}, "version": 73}
{"obj": {"type": "LogFloats", "path": ["monitoring", "gpu_memory_7"], "values": [{"value": 0.01177978515625, "step": null, "ts": 1653010697.2505121}]}, "version": 74}
{"obj": {"type": "LogStrings", "path": ["monitoring", "traceback"], "values": [{"value": "An uncaught exception occurred while run was active on worker mmeapollo2.", "step": null, "ts": 1653010705.1976535}, {"value": "Marking run as failed", "step": null, "ts": 1653010705.1976535}, {"value": "Traceback:", "step": null, "ts": 1653010705.1976535}, {"value": "  File \"Adaptive_Auto_Attack_main.py\", line 656, in <module>\n    main(flag='AAA',\n", "step": null, "ts": 1653010705.1976535}, {"value": "  File \"Adaptive_Auto_Attack_main.py\", line 575, in main\n    Adaptive_Auto_white_box_attack(\n", "step": null, "ts": 1653010705.1976535}, {"value": "  File \"Adaptive_Auto_Attack_main.py\", line 343, in Adaptive_Auto_white_box_attack\n    out_adv = model(X_adv)\n", "step": null, "ts": 1653010705.1976535}, {"value": "  File \"/opt/conda/lib/python3.8/site-packages/torch/nn/modules/module.py\", line 889, in _call_impl\n    result = self.forward(*input, **kwargs)\n", "step": null, "ts": 1653010705.1976535}, {"value": "  File \"/btherien/github/adaptive_auto_attack/models/mnist/small_cnn.py\", line 48, in forward\n    features = self.feature_extractor(input)\n", "step": null, "ts": 1653010705.1976535}, {"value": "  File \"/opt/conda/lib/python3.8/site-packages/torch/nn/modules/module.py\", line 889, in _call_impl\n    result = self.forward(*input, **kwargs)\n", "step": null, "ts": 1653010705.1976535}, {"value": "  File \"/opt/conda/lib/python3.8/site-packages/torch/nn/modules/container.py\", line 119, in forward\n    input = module(input)\n", "step": null, "ts": 1653010705.1976535}]}, "version": 75}
{"obj": {"type": "LogStrings", "path": ["monitoring", "traceback"], "values": [{"value": "  File \"/opt/conda/lib/python3.8/site-packages/torch/nn/modules/module.py\", line 889, in _call_impl\n    result = self.forward(*input, **kwargs)\n", "step": null, "ts": 1653010705.1976535}, {"value": "  File \"/opt/conda/lib/python3.8/site-packages/torch/nn/modules/conv.py\", line 399, in forward\n    return self._conv_forward(input, self.weight, self.bias)\n", "step": null, "ts": 1653010705.1976535}, {"value": "  File \"/opt/conda/lib/python3.8/site-packages/torch/nn/modules/conv.py\", line 395, in _conv_forward\n    return F.conv2d(input, weight, bias, self.stride,\n", "step": null, "ts": 1653010705.1976535}, {"value": "CUDA out of memory. Tried to allocate 704.00 MiB (GPU 0; 31.75 GiB total capacity; 3.43 GiB already allocated; 311.44 MiB free; 3.44 GiB reserved in total by PyTorch)", "step": null, "ts": 1653010705.1976535}]}, "version": 76}
{"obj": {"type": "AssignBool", "path": ["sys", "failed"], "value": true}, "version": 77}
{"obj": {"type": "LogStrings", "path": ["monitoring", "stderr"], "values": [{"value": "Traceback (most recent call last):\n", "step": null, "ts": 1653010705.1985343}]}, "version": 78}
{"obj": {"type": "LogStrings", "path": ["monitoring", "stderr"], "values": [{"value": "  File \"Adaptive_Auto_Attack_main.py\", line 656, in <module>\n", "step": null, "ts": 1653010705.1986997}]}, "version": 79}
{"obj": {"type": "LogStrings", "path": ["monitoring", "stderr"], "values": [{"value": "    ", "step": null, "ts": 1653010705.1991496}]}, "version": 80}
{"obj": {"type": "LogStrings", "path": ["monitoring", "stderr"], "values": [{"value": "main(flag='AAA',", "step": null, "ts": 1653010705.1992888}]}, "version": 81}
{"obj": {"type": "LogStrings", "path": ["monitoring", "stderr"], "values": [{"value": "\n", "step": null, "ts": 1653010705.199425}]}, "version": 82}
{"obj": {"type": "LogStrings", "path": ["monitoring", "stderr"], "values": [{"value": "  File \"Adaptive_Auto_Attack_main.py\", line 575, in main\n", "step": null, "ts": 1653010705.1995606}]}, "version": 83}
{"obj": {"type": "LogStrings", "path": ["monitoring", "stderr"], "values": [{"value": "    ", "step": null, "ts": 1653010705.1999385}]}, "version": 84}
{"obj": {"type": "LogStrings", "path": ["monitoring", "stderr"], "values": [{"value": "Adaptive_Auto_white_box_attack(", "step": null, "ts": 1653010705.2000697}]}, "version": 85}
{"obj": {"type": "LogStrings", "path": ["monitoring", "stderr"], "values": [{"value": "\n", "step": null, "ts": 1653010705.200201}]}, "version": 86}
{"obj": {"type": "LogStrings", "path": ["monitoring", "stderr"], "values": [{"value": "  File \"Adaptive_Auto_Attack_main.py\", line 343, in Adaptive_Auto_white_box_attack\n", "step": null, "ts": 1653010705.2003343}]}, "version": 87}
{"obj": {"type": "LogStrings", "path": ["monitoring", "stderr"], "values": [{"value": "    ", "step": null, "ts": 1653010705.200625}]}, "version": 88}
{"obj": {"type": "LogStrings", "path": ["monitoring", "stderr"], "values": [{"value": "out_adv = model(X_adv)", "step": null, "ts": 1653010705.2007504}]}, "version": 89}
{"obj": {"type": "LogStrings", "path": ["monitoring", "stderr"], "values": [{"value": "\n", "step": null, "ts": 1653010705.2008798}]}, "version": 90}
{"obj": {"type": "LogStrings", "path": ["monitoring", "stderr"], "values": [{"value": "  File \"/opt/conda/lib/python3.8/site-packages/torch/nn/modules/module.py\", line 889, in _call_impl\n", "step": null, "ts": 1653010705.20101}]}, "version": 91}
{"obj": {"type": "LogStrings", "path": ["monitoring", "stderr"], "values": [{"value": "    ", "step": null, "ts": 1653010705.2014937}]}, "version": 92}
{"obj": {"type": "LogStrings", "path": ["monitoring", "stderr"], "values": [{"value": "result = self.forward(*input, **kwargs)", "step": null, "ts": 1653010705.2016287}]}, "version": 93}
{"obj": {"type": "LogStrings", "path": ["monitoring", "stderr"], "values": [{"value": "\n", "step": null, "ts": 1653010705.201761}]}, "version": 94}
{"obj": {"type": "LogStrings", "path": ["monitoring", "stderr"], "values": [{"value": "  File \"/btherien/github/adaptive_auto_attack/models/mnist/small_cnn.py\", line 48, in forward\n", "step": null, "ts": 1653010705.201894}]}, "version": 95}
{"obj": {"type": "LogStrings", "path": ["monitoring", "stderr"], "values": [{"value": "    ", "step": null, "ts": 1653010705.2020967}]}, "version": 96}
{"obj": {"type": "LogStrings", "path": ["monitoring", "stderr"], "values": [{"value": "features = self.feature_extractor(input)", "step": null, "ts": 1653010705.2022204}]}, "version": 97}
{"obj": {"type": "LogStrings", "path": ["monitoring", "stderr"], "values": [{"value": "\n", "step": null, "ts": 1653010705.2023482}]}, "version": 98}
{"obj": {"type": "LogStrings", "path": ["monitoring", "stderr"], "values": [{"value": "  File \"/opt/conda/lib/python3.8/site-packages/torch/nn/modules/module.py\", line 889, in _call_impl\n", "step": null, "ts": 1653010705.2024775}]}, "version": 99}
{"obj": {"type": "LogStrings", "path": ["monitoring", "stderr"], "values": [{"value": "    ", "step": null, "ts": 1653010705.2029345}]}, "version": 100}
{"obj": {"type": "LogStrings", "path": ["monitoring", "stderr"], "values": [{"value": "result = self.forward(*input, **kwargs)", "step": null, "ts": 1653010705.203065}]}, "version": 101}
{"obj": {"type": "LogStrings", "path": ["monitoring", "stderr"], "values": [{"value": "\n", "step": null, "ts": 1653010705.2031946}]}, "version": 102}
{"obj": {"type": "LogStrings", "path": ["monitoring", "stderr"], "values": [{"value": "  File \"/opt/conda/lib/python3.8/site-packages/torch/nn/modules/container.py\", line 119, in forward\n", "step": null, "ts": 1653010705.2033253}]}, "version": 103}
{"obj": {"type": "LogStrings", "path": ["monitoring", "stderr"], "values": [{"value": "    ", "step": null, "ts": 1653010705.20355}]}, "version": 104}
{"obj": {"type": "LogStrings", "path": ["monitoring", "stderr"], "values": [{"value": "input = module(input)", "step": null, "ts": 1653010705.2036734}]}, "version": 105}
{"obj": {"type": "LogStrings", "path": ["monitoring", "stderr"], "values": [{"value": "\n", "step": null, "ts": 1653010705.203801}]}, "version": 106}
{"obj": {"type": "LogStrings", "path": ["monitoring", "stderr"], "values": [{"value": "  File \"/opt/conda/lib/python3.8/site-packages/torch/nn/modules/module.py\", line 889, in _call_impl\n", "step": null, "ts": 1653010705.2039301}]}, "version": 107}
{"obj": {"type": "LogStrings", "path": ["monitoring", "stderr"], "values": [{"value": "    ", "step": null, "ts": 1653010705.204383}]}, "version": 108}
{"obj": {"type": "LogStrings", "path": ["monitoring", "stderr"], "values": [{"value": "result = self.forward(*input, **kwargs)", "step": null, "ts": 1653010705.2045448}]}, "version": 109}
{"obj": {"type": "LogStrings", "path": ["monitoring", "stderr"], "values": [{"value": "\n", "step": null, "ts": 1653010705.2046762}]}, "version": 110}
{"obj": {"type": "LogStrings", "path": ["monitoring", "stderr"], "values": [{"value": "  File \"/opt/conda/lib/python3.8/site-packages/torch/nn/modules/conv.py\", line 399, in forward\n", "step": null, "ts": 1653010705.2048087}]}, "version": 111}
{"obj": {"type": "LogStrings", "path": ["monitoring", "stderr"], "values": [{"value": "    ", "step": null, "ts": 1653010705.2050788}]}, "version": 112}
{"obj": {"type": "LogStrings", "path": ["monitoring", "stderr"], "values": [{"value": "return self._conv_forward(input, self.weight, self.bias)", "step": null, "ts": 1653010705.20516}]}, "version": 113}
{"obj": {"type": "LogStrings", "path": ["monitoring", "stderr"], "values": [{"value": "\n", "step": null, "ts": 1653010705.20524}]}, "version": 114}
{"obj": {"type": "LogStrings", "path": ["monitoring", "stderr"], "values": [{"value": "  File \"/opt/conda/lib/python3.8/site-packages/torch/nn/modules/conv.py\", line 395, in _conv_forward\n", "step": null, "ts": 1653010705.2053204}]}, "version": 115}
{"obj": {"type": "LogStrings", "path": ["monitoring", "stderr"], "values": [{"value": "    ", "step": null, "ts": 1653010705.2055414}]}, "version": 116}
{"obj": {"type": "LogStrings", "path": ["monitoring", "stderr"], "values": [{"value": "return F.conv2d(input, weight, bias, self.stride,", "step": null, "ts": 1653010705.2056205}]}, "version": 117}
{"obj": {"type": "LogStrings", "path": ["monitoring", "stderr"], "values": [{"value": "\n", "step": null, "ts": 1653010705.2057004}]}, "version": 118}
{"obj": {"type": "LogStrings", "path": ["monitoring", "stderr"], "values": [{"value": "RuntimeError", "step": null, "ts": 1653010705.2057908}]}, "version": 119}
{"obj": {"type": "LogStrings", "path": ["monitoring", "stderr"], "values": [{"value": ": ", "step": null, "ts": 1653010705.2058642}]}, "version": 120}
{"obj": {"type": "LogStrings", "path": ["monitoring", "stderr"], "values": [{"value": "CUDA out of memory. Tried to allocate 704.00 MiB (GPU 0; 31.75 GiB total capacity; 3.43 GiB already allocated; 311.44 MiB free; 3.44 GiB reserved in total by PyTorch)", "step": null, "ts": 1653010705.205935}]}, "version": 121}
{"obj": {"type": "LogStrings", "path": ["monitoring", "stderr"], "values": [{"value": "\n", "step": null, "ts": 1653010705.2060134}]}, "version": 122}
{"obj": {"type": "LogStrings", "path": ["monitoring", "stdout"], "values": [{"value": "", "step": null, "ts": 1653010705.2062488}]}, "version": 123}
{"obj": {"type": "LogStrings", "path": ["monitoring", "stdout"], "values": [{"value": "Shutting down background jobs, please wait a moment...\n", "step": null, "ts": 1653010705.2064245}]}, "version": 124}
