{"obj": {"type": "AssignString", "path": ["sys", "name"], "value": "Untitled"}, "version": 1}
{"obj": {"type": "AssignString", "path": ["sys", "description"], "value": ""}, "version": 2}
{"obj": {"type": "AssignString", "path": ["sys", "hostname"], "value": "mmeapollo2"}, "version": 3}
{"obj": {"type": "AssignBool", "path": ["sys", "failed"], "value": false}, "version": 4}
{"obj": {"type": "ClearStringLog", "path": ["monitoring", "stdout"]}, "version": 5}
{"obj": {"type": "ClearStringLog", "path": ["monitoring", "stderr"]}, "version": 6}
{"obj": {"type": "AssignString", "path": ["source_code", "entrypoint"], "value": "Adaptive_Auto_Attack_main.py"}, "version": 7}
{"obj": {"type": "UploadFileSet", "path": ["source_code", "files"], "file_globs": ["/btherien/github/adaptive_auto_attack/Adaptive_Auto_Attack_main.py"], "reset": "False"}, "version": 8}
{"obj": {"type": "ConfigFloatSeries", "path": ["monitoring", "cpu"], "min": 0.0, "max": 100.0, "unit": "%"}, "version": 9}
{"obj": {"type": "ClearFloatLog", "path": ["monitoring", "cpu"]}, "version": 10}
{"obj": {"type": "ConfigFloatSeries", "path": ["monitoring", "memory"], "min": 0.0, "max": 362.0, "unit": "GB"}, "version": 11}
{"obj": {"type": "ClearFloatLog", "path": ["monitoring", "memory"]}, "version": 12}
{"obj": {"type": "ConfigFloatSeries", "path": ["monitoring", "gpu"], "min": 0.0, "max": 100.0, "unit": "%"}, "version": 13}
{"obj": {"type": "ClearFloatLog", "path": ["monitoring", "gpu"]}, "version": 14}
{"obj": {"type": "ConfigFloatSeries", "path": ["monitoring", "gpu_memory"], "min": 0.0, "max": 31.74853515625, "unit": "GB"}, "version": 15}
{"obj": {"type": "ClearFloatLog", "path": ["monitoring", "gpu_memory"]}, "version": 16}
{"obj": {"type": "AssignString", "path": ["parameters"], "value": "Config (path: config/mnist.py): {'model_name': 'TRADES_mnist', 'ep': 0.03, 'batch_size': 10000, 'random': True, 'average_number': 1000, 'device': None, 'kwargs': {'out_restart_num': 13}}"}, "version": 17}
{"obj": {"type": "LogStrings", "path": ["monitoring", "stdout"], "values": [{"value": "AAA TRADES_mnist", "step": null, "ts": 1653010885.9033728}]}, "version": 18}
{"obj": {"type": "LogStrings", "path": ["monitoring", "stdout"], "values": [{"value": "\n", "step": null, "ts": 1653010885.9037728}]}, "version": 19}
{"obj": {"type": "LogFloats", "path": ["monitoring", "memory"], "values": [{"value": 8.45248031616211, "step": null, "ts": 1653010885.8903732}]}, "version": 20}
{"obj": {"type": "LogFloats", "path": ["monitoring", "gpu_memory"], "values": [{"value": 0.0157470703125, "step": null, "ts": 1653010885.8903732}]}, "version": 21}
{"obj": {"type": "LogStrings", "path": ["monitoring", "stdout"], "values": [{"value": "Adaptive_Auto_white_box_attack", "step": null, "ts": 1653010890.9674048}]}, "version": 22}
{"obj": {"type": "LogStrings", "path": ["monitoring", "stdout"], "values": [{"value": " ", "step": null, "ts": 1653010890.9676075}]}, "version": 23}
{"obj": {"type": "LogStrings", "path": ["monitoring", "stdout"], "values": [{"value": "cuda:0", "step": null, "ts": 1653010890.9676986}]}, "version": 24}
{"obj": {"type": "LogStrings", "path": ["monitoring", "stdout"], "values": [{"value": "\n", "step": null, "ts": 1653010890.9677846}]}, "version": 25}
{"obj": {"type": "LogFloats", "path": ["monitoring", "cpu"], "values": [{"value": 7.020490208382695, "step": null, "ts": 1653010896.17004}]}, "version": 26}
{"obj": {"type": "LogFloats", "path": ["monitoring", "memory"], "values": [{"value": 10.328277587890625, "step": null, "ts": 1653010896.17004}]}, "version": 27}
{"obj": {"type": "LogFloats", "path": ["monitoring", "gpu_memory"], "values": [{"value": 1.1339111328125, "step": null, "ts": 1653010896.17004}]}, "version": 28}
{"obj": {"type": "LogStrings", "path": ["monitoring", "stdout"], "values": [{"value": "clean acc:0.9948", "step": null, "ts": 1653010900.110137}]}, "version": 29}
{"obj": {"type": "LogStrings", "path": ["monitoring", "stdout"], "values": [{"value": "\n", "step": null, "ts": 1653010900.1104925}]}, "version": 30}
{"obj": {"type": "LogStrings", "path": ["monitoring", "stderr"], "values": [{"value": "\r  0%|                                                                                                            | 0/13 [00:00<?, ?it/s]", "step": null, "ts": 1653010900.1120222}]}, "version": 31}
{"obj": {"type": "LogFloats", "path": ["monitoring", "cpu"], "values": [{"value": 3.118611921243823, "step": null, "ts": 1653010906.239703}]}, "version": 32}
{"obj": {"type": "LogFloats", "path": ["monitoring", "memory"], "values": [{"value": 10.519737243652344, "step": null, "ts": 1653010906.239703}]}, "version": 33}
{"obj": {"type": "LogFloats", "path": ["monitoring", "gpu_memory"], "values": [{"value": 6.3897705078125, "step": null, "ts": 1653010906.239703}]}, "version": 34}
{"obj": {"type": "LogStrings", "path": ["monitoring", "stdout"], "values": [{"value": "AAA_white_box", "step": null, "ts": 1653010907.514487}]}, "version": 35}
{"obj": {"type": "LogStrings", "path": ["monitoring", "stdout"], "values": [{"value": " ", "step": null, "ts": 1653010907.5149672}]}, "version": 36}
{"obj": {"type": "LogStrings", "path": ["monitoring", "stdout"], "values": [{"value": "cuda:0", "step": null, "ts": 1653010907.515272}]}, "version": 37}
{"obj": {"type": "LogStrings", "path": ["monitoring", "stdout"], "values": [{"value": "\n", "step": null, "ts": 1653010907.5155733}]}, "version": 38}
{"obj": {"type": "LogStrings", "path": ["monitoring", "stdout"], "values": [{"value": "No.0 clean_acc: 0.9948 robust acc: 0.9531 used_bp_num: 77540 used_fp_num: 185008 now_atk_num: 9928 now_correct_num: 9531.0 ", "step": null, "ts": 1653010912.05011}]}, "version": 39}
{"obj": {"type": "LogStrings", "path": ["monitoring", "stdout"], "values": [{"value": "\n", "step": null, "ts": 1653010912.050661}]}, "version": 40}
{"obj": {"type": "LogStrings", "path": ["monitoring", "stderr"], "values": [{"value": "", "step": null, "ts": 1653010912.0512974}]}, "version": 41}
{"obj": {"type": "LogStrings", "path": ["monitoring", "stderr"], "values": [{"value": "\r  0%|                                                                                                            | 0/13 [00:11<?, ?it/s]", "step": null, "ts": 1653010912.0520825}]}, "version": 42}
{"obj": {"type": "LogStrings", "path": ["monitoring", "stderr"], "values": [{"value": "\n", "step": null, "ts": 1653010912.0523705}]}, "version": 43}
{"obj": {"type": "LogStrings", "path": ["monitoring", "traceback"], "values": [{"value": "An uncaught exception occurred while run was active on worker mmeapollo2.", "step": null, "ts": 1653010912.0539482}, {"value": "Marking run as failed", "step": null, "ts": 1653010912.0539482}, {"value": "Traceback:", "step": null, "ts": 1653010912.0539482}, {"value": "  File \"Adaptive_Auto_Attack_main.py\", line 657, in <module>\n    main(flag='AAA',\n", "step": null, "ts": 1653010912.0539482}, {"value": "  File \"Adaptive_Auto_Attack_main.py\", line 575, in main\n    Adaptive_Auto_white_box_attack(\n", "step": null, "ts": 1653010912.0539482}, {"value": "  File \"Adaptive_Auto_Attack_main.py\", line 529, in Adaptive_Auto_white_box_attack\n    run[\"robust acc\"].log(not_suc_index.sum()/len(all_atk_labs))\n", "step": null, "ts": 1653010912.0539482}, {"value": "  File \"/opt/conda/lib/python3.8/site-packages/neptune/new/metadata_containers/metadata_container.py\", line 88, in inner_fun\n    raise InactiveRunException(label=self._label)\n", "step": null, "ts": 1653010912.0539482}, {"value": "", "step": null, "ts": 1653010912.0539482}, {"value": "\u001b[95m", "step": null, "ts": 1653010912.0539482}, {"value": "----InactiveRunException----------------------------------------", "step": null, "ts": 1653010912.0539482}]}, "version": 44}
{"obj": {"type": "LogStrings", "path": ["monitoring", "traceback"], "values": [{"value": "\u001b[0m", "step": null, "ts": 1653010912.0539482}, {"value": "It seems you are trying to log (or fetch) metadata to a run that was stopped (AD-7).", "step": null, "ts": 1653010912.0539482}, {"value": "", "step": null, "ts": 1653010912.0539482}, {"value": "What should I do?", "step": null, "ts": 1653010912.0539482}, {"value": "    - Resume the run to continue logging to it:", "step": null, "ts": 1653010912.0539482}, {"value": "    https://docs.neptune.ai/how-to-guides/neptune-api/resume-run#how-to-resume-run", "step": null, "ts": 1653010912.0539482}, {"value": "    - Don't invoke `stop()` on a run that you want to access. If you want to stop monitoring only,", "step": null, "ts": 1653010912.0539482}, {"value": "    you can resume a run in read-only mode:", "step": null, "ts": 1653010912.0539482}, {"value": "    https://docs.neptune.ai/you-should-know/connection-modes#read-only", "step": null, "ts": 1653010912.0539482}, {"value": "", "step": null, "ts": 1653010912.0539482}]}, "version": 45}
{"obj": {"type": "LogStrings", "path": ["monitoring", "traceback"], "values": [{"value": "You may also want to check the following docs pages:", "step": null, "ts": 1653010912.0539482}, {"value": "    - https://docs.neptune.ai/api-reference/run#.stop", "step": null, "ts": 1653010912.0539482}, {"value": "    - https://docs.neptune.ai/you-should-know/connection-modes", "step": null, "ts": 1653010912.0539482}, {"value": "", "step": null, "ts": 1653010912.0539482}, {"value": "\u001b[92mNeed help?\u001b[0m-> https://docs.neptune.ai/getting-started/getting-help", "step": null, "ts": 1653010912.0539482}, {"value": "", "step": null, "ts": 1653010912.0539482}]}, "version": 46}
{"obj": {"type": "AssignBool", "path": ["sys", "failed"], "value": true}, "version": 47}
{"obj": {"type": "LogStrings", "path": ["monitoring", "stderr"], "values": [{"value": "Traceback (most recent call last):\n", "step": null, "ts": 1653010912.0551915}]}, "version": 48}
{"obj": {"type": "LogStrings", "path": ["monitoring", "stderr"], "values": [{"value": "  File \"Adaptive_Auto_Attack_main.py\", line 657, in <module>\n", "step": null, "ts": 1653010912.0554588}]}, "version": 49}
{"obj": {"type": "LogStrings", "path": ["monitoring", "stderr"], "values": [{"value": "    ", "step": null, "ts": 1653010912.0562074}]}, "version": 50}
{"obj": {"type": "LogStrings", "path": ["monitoring", "stderr"], "values": [{"value": "main(flag='AAA',", "step": null, "ts": 1653010912.0563226}]}, "version": 51}
{"obj": {"type": "LogStrings", "path": ["monitoring", "stderr"], "values": [{"value": "\n", "step": null, "ts": 1653010912.056435}]}, "version": 52}
{"obj": {"type": "LogStrings", "path": ["monitoring", "stderr"], "values": [{"value": "  File \"Adaptive_Auto_Attack_main.py\", line 575, in main\n", "step": null, "ts": 1653010912.0565474}]}, "version": 53}
{"obj": {"type": "LogStrings", "path": ["monitoring", "stderr"], "values": [{"value": "    ", "step": null, "ts": 1653010912.0568545}]}, "version": 54}
{"obj": {"type": "LogStrings", "path": ["monitoring", "stderr"], "values": [{"value": "Adaptive_Auto_white_box_attack(", "step": null, "ts": 1653010912.0569642}]}, "version": 55}
{"obj": {"type": "LogStrings", "path": ["monitoring", "stderr"], "values": [{"value": "\n", "step": null, "ts": 1653010912.0570834}]}, "version": 56}
{"obj": {"type": "LogStrings", "path": ["monitoring", "stderr"], "values": [{"value": "  File \"Adaptive_Auto_Attack_main.py\", line 529, in Adaptive_Auto_white_box_attack\n", "step": null, "ts": 1653010912.0572004}]}, "version": 57}
{"obj": {"type": "LogStrings", "path": ["monitoring", "stderr"], "values": [{"value": "    ", "step": null, "ts": 1653010912.057492}]}, "version": 58}
{"obj": {"type": "LogStrings", "path": ["monitoring", "stderr"], "values": [{"value": "run[\"robust acc\"].log(not_suc_index.sum()/len(all_atk_labs))", "step": null, "ts": 1653010912.0576007}]}, "version": 59}
{"obj": {"type": "LogStrings", "path": ["monitoring", "stderr"], "values": [{"value": "\n", "step": null, "ts": 1653010912.0577118}]}, "version": 60}
{"obj": {"type": "LogStrings", "path": ["monitoring", "stderr"], "values": [{"value": "  File \"/opt/conda/lib/python3.8/site-packages/neptune/new/metadata_containers/metadata_container.py\", line 88, in inner_fun\n", "step": null, "ts": 1653010912.0578227}]}, "version": 61}
{"obj": {"type": "LogStrings", "path": ["monitoring", "stderr"], "values": [{"value": "    ", "step": null, "ts": 1653010912.058017}]}, "version": 62}
{"obj": {"type": "LogStrings", "path": ["monitoring", "stderr"], "values": [{"value": "raise InactiveRunException(label=self._label)", "step": null, "ts": 1653010912.058122}]}, "version": 63}
{"obj": {"type": "LogStrings", "path": ["monitoring", "stderr"], "values": [{"value": "\n", "step": null, "ts": 1653010912.05823}]}, "version": 64}
{"obj": {"type": "LogStrings", "path": ["monitoring", "stderr"], "values": [{"value": "neptune.new.exceptions", "step": null, "ts": 1653010912.0583389}]}, "version": 65}
{"obj": {"type": "LogStrings", "path": ["monitoring", "stderr"], "values": [{"value": ".", "step": null, "ts": 1653010912.0584376}]}, "version": 66}
{"obj": {"type": "LogStrings", "path": ["monitoring", "stderr"], "values": [{"value": "InactiveRunException", "step": null, "ts": 1653010912.0585663}]}, "version": 67}
{"obj": {"type": "LogStrings", "path": ["monitoring", "stderr"], "values": [{"value": ": ", "step": null, "ts": 1653010912.0586658}]}, "version": 68}
{"obj": {"type": "LogStrings", "path": ["monitoring", "stderr"], "values": [{"value": "\n\u001b[95m\n----InactiveRunException----------------------------------------\n\u001b[0m\nIt seems you are trying to log (or fetch) metadata to a run that was stopped (AD-7).\n\nWhat should I do?\n    - Resume the run to continue logging to it:\n    https://docs.neptune.ai/how-to-guides/neptune-api/resume-run#how-to-resume-run\n    - Don't invoke `stop()` on a run that you want to access. If you want to stop monitoring only,\n    you can resume a run in read-only mode:\n    https://docs.neptune.ai/you-should-know/connection-modes#read-only\n\nYou may also want to check the following docs pages:\n    - https://docs.neptune.ai/api-reference/run#.stop\n    - https://docs.neptune.ai/you-should-know/connection-modes\n\n\u001b[92mNeed help?\u001b[0m-> https://docs.neptune.ai/getting-started/getting-help\n", "step": null, "ts": 1653010912.0587852}]}, "version": 69}
{"obj": {"type": "LogStrings", "path": ["monitoring", "stderr"], "values": [{"value": "\n", "step": null, "ts": 1653010912.0589018}]}, "version": 70}
{"obj": {"type": "LogStrings", "path": ["monitoring", "stdout"], "values": [{"value": "", "step": null, "ts": 1653010912.0592742}]}, "version": 71}
{"obj": {"type": "LogStrings", "path": ["monitoring", "stdout"], "values": [{"value": "Shutting down background jobs, please wait a moment...\n", "step": null, "ts": 1653010912.05948}]}, "version": 72}
