{"obj": {"type": "AssignString", "path": ["sys", "name"], "value": "Untitled"}, "version": 1}
{"obj": {"type": "AssignString", "path": ["sys", "description"], "value": ""}, "version": 2}
{"obj": {"type": "AssignString", "path": ["sys", "hostname"], "value": "mmeapollo2"}, "version": 3}
{"obj": {"type": "AssignBool", "path": ["sys", "failed"], "value": false}, "version": 4}
{"obj": {"type": "ClearStringLog", "path": ["monitoring", "stdout"]}, "version": 5}
{"obj": {"type": "ClearStringLog", "path": ["monitoring", "stderr"]}, "version": 6}
{"obj": {"type": "AssignString", "path": ["source_code", "entrypoint"], "value": "Adaptive_Auto_Attack_main.py"}, "version": 7}
{"obj": {"type": "UploadFileSet", "path": ["source_code", "files"], "file_globs": ["/btherien/github/adaptive_auto_attack/Adaptive_Auto_Attack_main.py"], "reset": "False"}, "version": 8}
{"obj": {"type": "ConfigFloatSeries", "path": ["monitoring", "cpu"], "min": 0.0, "max": 100.0, "unit": "%"}, "version": 9}
{"obj": {"type": "ClearFloatLog", "path": ["monitoring", "cpu"]}, "version": 10}
{"obj": {"type": "ConfigFloatSeries", "path": ["monitoring", "memory"], "min": 0.0, "max": 362.0, "unit": "GB"}, "version": 11}
{"obj": {"type": "ClearFloatLog", "path": ["monitoring", "memory"]}, "version": 12}
{"obj": {"type": "ConfigFloatSeries", "path": ["monitoring", "gpu_0"], "min": 0.0, "max": 100.0, "unit": "%"}, "version": 13}
{"obj": {"type": "ClearFloatLog", "path": ["monitoring", "gpu_0"]}, "version": 14}
{"obj": {"type": "ConfigFloatSeries", "path": ["monitoring", "gpu_1"], "min": 0.0, "max": 100.0, "unit": "%"}, "version": 15}
{"obj": {"type": "ClearFloatLog", "path": ["monitoring", "gpu_1"]}, "version": 16}
{"obj": {"type": "ConfigFloatSeries", "path": ["monitoring", "gpu_2"], "min": 0.0, "max": 100.0, "unit": "%"}, "version": 17}
{"obj": {"type": "ClearFloatLog", "path": ["monitoring", "gpu_2"]}, "version": 18}
{"obj": {"type": "ConfigFloatSeries", "path": ["monitoring", "gpu_3"], "min": 0.0, "max": 100.0, "unit": "%"}, "version": 19}
{"obj": {"type": "ClearFloatLog", "path": ["monitoring", "gpu_3"]}, "version": 20}
{"obj": {"type": "ConfigFloatSeries", "path": ["monitoring", "gpu_4"], "min": 0.0, "max": 100.0, "unit": "%"}, "version": 21}
{"obj": {"type": "ClearFloatLog", "path": ["monitoring", "gpu_4"]}, "version": 22}
{"obj": {"type": "ConfigFloatSeries", "path": ["monitoring", "gpu_5"], "min": 0.0, "max": 100.0, "unit": "%"}, "version": 23}
{"obj": {"type": "ClearFloatLog", "path": ["monitoring", "gpu_5"]}, "version": 24}
{"obj": {"type": "ConfigFloatSeries", "path": ["monitoring", "gpu_6"], "min": 0.0, "max": 100.0, "unit": "%"}, "version": 25}
{"obj": {"type": "ClearFloatLog", "path": ["monitoring", "gpu_6"]}, "version": 26}
{"obj": {"type": "ConfigFloatSeries", "path": ["monitoring", "gpu_7"], "min": 0.0, "max": 100.0, "unit": "%"}, "version": 27}
{"obj": {"type": "ClearFloatLog", "path": ["monitoring", "gpu_7"]}, "version": 28}
{"obj": {"type": "ConfigFloatSeries", "path": ["monitoring", "gpu_memory_0"], "min": 0.0, "max": 31.74853515625, "unit": "GB"}, "version": 29}
{"obj": {"type": "ClearFloatLog", "path": ["monitoring", "gpu_memory_0"]}, "version": 30}
{"obj": {"type": "ConfigFloatSeries", "path": ["monitoring", "gpu_memory_1"], "min": 0.0, "max": 31.74853515625, "unit": "GB"}, "version": 31}
{"obj": {"type": "ClearFloatLog", "path": ["monitoring", "gpu_memory_1"]}, "version": 32}
{"obj": {"type": "ConfigFloatSeries", "path": ["monitoring", "gpu_memory_2"], "min": 0.0, "max": 31.74853515625, "unit": "GB"}, "version": 33}
{"obj": {"type": "ClearFloatLog", "path": ["monitoring", "gpu_memory_2"]}, "version": 34}
{"obj": {"type": "ConfigFloatSeries", "path": ["monitoring", "gpu_memory_3"], "min": 0.0, "max": 31.74853515625, "unit": "GB"}, "version": 35}
{"obj": {"type": "ClearFloatLog", "path": ["monitoring", "gpu_memory_3"]}, "version": 36}
{"obj": {"type": "ConfigFloatSeries", "path": ["monitoring", "gpu_memory_4"], "min": 0.0, "max": 31.74853515625, "unit": "GB"}, "version": 37}
{"obj": {"type": "ClearFloatLog", "path": ["monitoring", "gpu_memory_4"]}, "version": 38}
{"obj": {"type": "ConfigFloatSeries", "path": ["monitoring", "gpu_memory_5"], "min": 0.0, "max": 31.74853515625, "unit": "GB"}, "version": 39}
{"obj": {"type": "ClearFloatLog", "path": ["monitoring", "gpu_memory_5"]}, "version": 40}
{"obj": {"type": "ConfigFloatSeries", "path": ["monitoring", "gpu_memory_6"], "min": 0.0, "max": 31.74853515625, "unit": "GB"}, "version": 41}
{"obj": {"type": "ClearFloatLog", "path": ["monitoring", "gpu_memory_6"]}, "version": 42}
{"obj": {"type": "ConfigFloatSeries", "path": ["monitoring", "gpu_memory_7"], "min": 0.0, "max": 31.74853515625, "unit": "GB"}, "version": 43}
{"obj": {"type": "ClearFloatLog", "path": ["monitoring", "gpu_memory_7"]}, "version": 44}
{"obj": {"type": "AssignString", "path": ["parameters"], "value": "Config (path: config/mnist.py): {'model_name': 'TRADES_mnist', 'ep': 0.03, 'batch_size': 10000, 'random': True, 'average_number': 1000, 'device': None, 'kwargs': {'out_restart_num': 13}}"}, "version": 45}
{"obj": {"type": "LogStrings", "path": ["monitoring", "stdout"], "values": [{"value": "AAA TRADES_mnist", "step": null, "ts": 1653010749.2091484}]}, "version": 46}
{"obj": {"type": "LogStrings", "path": ["monitoring", "stdout"], "values": [{"value": "\n", "step": null, "ts": 1653010749.2095761}]}, "version": 47}
{"obj": {"type": "LogFloats", "path": ["monitoring", "memory"], "values": [{"value": 8.837432861328125, "step": null, "ts": 1653010749.1967556}]}, "version": 48}
{"obj": {"type": "LogFloats", "path": ["monitoring", "gpu_0"], "values": [{"value": 100.0, "step": null, "ts": 1653010749.1967556}]}, "version": 49}
{"obj": {"type": "LogFloats", "path": ["monitoring", "gpu_1"], "values": [{"value": 98.0, "step": null, "ts": 1653010749.1967556}]}, "version": 50}
{"obj": {"type": "LogFloats", "path": ["monitoring", "gpu_memory_0"], "values": [{"value": 28.47662353515625, "step": null, "ts": 1653010749.1967556}]}, "version": 51}
{"obj": {"type": "LogFloats", "path": ["monitoring", "gpu_memory_1"], "values": [{"value": 29.04107666015625, "step": null, "ts": 1653010749.1967556}]}, "version": 52}
{"obj": {"type": "LogFloats", "path": ["monitoring", "gpu_memory_2"], "values": [{"value": 6.32135009765625, "step": null, "ts": 1653010749.1967556}]}, "version": 53}
{"obj": {"type": "LogFloats", "path": ["monitoring", "gpu_memory_3"], "values": [{"value": 5.1319580078125, "step": null, "ts": 1653010749.1967556}]}, "version": 54}
{"obj": {"type": "LogFloats", "path": ["monitoring", "gpu_memory_4"], "values": [{"value": 0.0118408203125, "step": null, "ts": 1653010749.1967556}]}, "version": 55}
{"obj": {"type": "LogFloats", "path": ["monitoring", "gpu_memory_5"], "values": [{"value": 0.01177978515625, "step": null, "ts": 1653010749.1967556}]}, "version": 56}
{"obj": {"type": "LogFloats", "path": ["monitoring", "gpu_memory_6"], "values": [{"value": 0.01177978515625, "step": null, "ts": 1653010749.1967556}]}, "version": 57}
{"obj": {"type": "LogFloats", "path": ["monitoring", "gpu_memory_7"], "values": [{"value": 0.01177978515625, "step": null, "ts": 1653010749.1967556}]}, "version": 58}
{"obj": {"type": "LogFloats", "path": ["monitoring", "cpu"], "values": [{"value": 2.212201010359375, "step": null, "ts": 1653010759.5495198}]}, "version": 59}
{"obj": {"type": "LogFloats", "path": ["monitoring", "memory"], "values": [{"value": 10.4180908203125, "step": null, "ts": 1653010759.5495198}]}, "version": 60}
{"obj": {"type": "LogFloats", "path": ["monitoring", "gpu_0"], "values": [{"value": 99.0, "step": null, "ts": 1653010759.5495198}]}, "version": 61}
{"obj": {"type": "LogFloats", "path": ["monitoring", "gpu_1"], "values": [{"value": 98.0, "step": null, "ts": 1653010759.5495198}]}, "version": 62}
{"obj": {"type": "LogFloats", "path": ["monitoring", "gpu_2"], "values": [{"value": 35.0, "step": null, "ts": 1653010759.5495198}]}, "version": 63}
{"obj": {"type": "LogFloats", "path": ["monitoring", "gpu_3"], "values": [{"value": 38.0, "step": null, "ts": 1653010759.5495198}]}, "version": 64}
{"obj": {"type": "LogFloats", "path": ["monitoring", "gpu_memory_0"], "values": [{"value": 29.82916259765625, "step": null, "ts": 1653010759.5495198}]}, "version": 65}
{"obj": {"type": "LogFloats", "path": ["monitoring", "gpu_memory_1"], "values": [{"value": 29.04302978515625, "step": null, "ts": 1653010759.5495198}]}, "version": 66}
{"obj": {"type": "LogFloats", "path": ["monitoring", "gpu_memory_2"], "values": [{"value": 6.32135009765625, "step": null, "ts": 1653010759.5495198}]}, "version": 67}
{"obj": {"type": "LogFloats", "path": ["monitoring", "gpu_memory_3"], "values": [{"value": 5.1319580078125, "step": null, "ts": 1653010759.5495198}]}, "version": 68}
{"obj": {"type": "LogFloats", "path": ["monitoring", "gpu_memory_4"], "values": [{"value": 0.0118408203125, "step": null, "ts": 1653010759.5495198}]}, "version": 69}
{"obj": {"type": "LogFloats", "path": ["monitoring", "gpu_memory_5"], "values": [{"value": 0.01177978515625, "step": null, "ts": 1653010759.5495198}]}, "version": 70}
{"obj": {"type": "LogFloats", "path": ["monitoring", "gpu_memory_6"], "values": [{"value": 0.01177978515625, "step": null, "ts": 1653010759.5495198}]}, "version": 71}
{"obj": {"type": "LogFloats", "path": ["monitoring", "gpu_memory_7"], "values": [{"value": 0.01177978515625, "step": null, "ts": 1653010759.5495198}]}, "version": 72}
{"obj": {"type": "LogStrings", "path": ["monitoring", "stdout"], "values": [{"value": "Adaptive_Auto_white_box_attack", "step": null, "ts": 1653010761.132517}]}, "version": 73}
{"obj": {"type": "LogStrings", "path": ["monitoring", "stdout"], "values": [{"value": " ", "step": null, "ts": 1653010761.1327488}]}, "version": 74}
{"obj": {"type": "LogStrings", "path": ["monitoring", "stdout"], "values": [{"value": "cuda:0", "step": null, "ts": 1653010761.132852}]}, "version": 75}
{"obj": {"type": "LogStrings", "path": ["monitoring", "stdout"], "values": [{"value": "\n", "step": null, "ts": 1653010761.1329572}]}, "version": 76}
{"obj": {"type": "LogFloats", "path": ["monitoring", "cpu"], "values": [{"value": 7.354197941231999, "step": null, "ts": 1653010769.562516}]}, "version": 77}
{"obj": {"type": "LogFloats", "path": ["monitoring", "memory"], "values": [{"value": 10.732170104980469, "step": null, "ts": 1653010769.562516}]}, "version": 78}
{"obj": {"type": "LogFloats", "path": ["monitoring", "gpu_0"], "values": [{"value": 100.0, "step": null, "ts": 1653010769.562516}]}, "version": 79}
{"obj": {"type": "LogFloats", "path": ["monitoring", "gpu_1"], "values": [{"value": 100.0, "step": null, "ts": 1653010769.562516}]}, "version": 80}
{"obj": {"type": "LogFloats", "path": ["monitoring", "gpu_memory_0"], "values": [{"value": 30.77252197265625, "step": null, "ts": 1653010769.562516}]}, "version": 81}
{"obj": {"type": "LogFloats", "path": ["monitoring", "gpu_memory_1"], "values": [{"value": 29.04302978515625, "step": null, "ts": 1653010769.562516}]}, "version": 82}
{"obj": {"type": "LogFloats", "path": ["monitoring", "gpu_memory_2"], "values": [{"value": 6.32135009765625, "step": null, "ts": 1653010769.562516}]}, "version": 83}
{"obj": {"type": "LogFloats", "path": ["monitoring", "gpu_memory_3"], "values": [{"value": 5.1319580078125, "step": null, "ts": 1653010769.562516}]}, "version": 84}
{"obj": {"type": "LogFloats", "path": ["monitoring", "gpu_memory_4"], "values": [{"value": 0.0118408203125, "step": null, "ts": 1653010769.562516}]}, "version": 85}
{"obj": {"type": "LogFloats", "path": ["monitoring", "gpu_memory_5"], "values": [{"value": 0.01177978515625, "step": null, "ts": 1653010769.562516}]}, "version": 86}
{"obj": {"type": "LogFloats", "path": ["monitoring", "gpu_memory_6"], "values": [{"value": 0.01177978515625, "step": null, "ts": 1653010769.562516}]}, "version": 87}
{"obj": {"type": "LogFloats", "path": ["monitoring", "gpu_memory_7"], "values": [{"value": 0.01177978515625, "step": null, "ts": 1653010769.562516}]}, "version": 88}
{"obj": {"type": "LogStrings", "path": ["monitoring", "traceback"], "values": [{"value": "An uncaught exception occurred while run was active on worker mmeapollo2.", "step": null, "ts": 1653010770.546232}, {"value": "Marking run as failed", "step": null, "ts": 1653010770.546232}, {"value": "Traceback:", "step": null, "ts": 1653010770.546232}, {"value": "  File \"Adaptive_Auto_Attack_main.py\", line 656, in <module>\n    main(flag='AAA',\n", "step": null, "ts": 1653010770.546232}, {"value": "  File \"Adaptive_Auto_Attack_main.py\", line 575, in main\n    Adaptive_Auto_white_box_attack(\n", "step": null, "ts": 1653010770.546232}, {"value": "  File \"Adaptive_Auto_Attack_main.py\", line 331, in Adaptive_Auto_white_box_attack\n    out_clean = model(X)\n", "step": null, "ts": 1653010770.546232}, {"value": "  File \"/opt/conda/lib/python3.8/site-packages/torch/nn/modules/module.py\", line 889, in _call_impl\n    result = self.forward(*input, **kwargs)\n", "step": null, "ts": 1653010770.546232}, {"value": "  File \"/btherien/github/adaptive_auto_attack/models/mnist/small_cnn.py\", line 48, in forward\n    features = self.feature_extractor(input)\n", "step": null, "ts": 1653010770.546232}, {"value": "  File \"/opt/conda/lib/python3.8/site-packages/torch/nn/modules/module.py\", line 889, in _call_impl\n    result = self.forward(*input, **kwargs)\n", "step": null, "ts": 1653010770.546232}, {"value": "  File \"/opt/conda/lib/python3.8/site-packages/torch/nn/modules/container.py\", line 119, in forward\n    input = module(input)\n", "step": null, "ts": 1653010770.546232}]}, "version": 89}
{"obj": {"type": "LogStrings", "path": ["monitoring", "traceback"], "values": [{"value": "  File \"/opt/conda/lib/python3.8/site-packages/torch/nn/modules/module.py\", line 889, in _call_impl\n    result = self.forward(*input, **kwargs)\n", "step": null, "ts": 1653010770.546232}, {"value": "  File \"/opt/conda/lib/python3.8/site-packages/torch/nn/modules/pooling.py\", line 162, in forward\n    return F.max_pool2d(input, self.kernel_size, self.stride,\n", "step": null, "ts": 1653010770.546232}, {"value": "  File \"/opt/conda/lib/python3.8/site-packages/torch/_jit_internal.py\", line 365, in fn\n    return if_false(*args, **kwargs)\n", "step": null, "ts": 1653010770.546232}, {"value": "  File \"/opt/conda/lib/python3.8/site-packages/torch/nn/functional.py\", line 659, in _max_pool2d\n    return torch.max_pool2d(input, kernel_size, stride, padding, dilation, ceil_mode)\n", "step": null, "ts": 1653010770.546232}, {"value": "CUDA out of memory. Tried to allocate 352.00 MiB (GPU 0; 31.75 GiB total capacity; 1.70 GiB already allocated; 79.44 MiB free; 1.70 GiB reserved in total by PyTorch)", "step": null, "ts": 1653010770.546232}]}, "version": 90}
{"obj": {"type": "AssignBool", "path": ["sys", "failed"], "value": true}, "version": 91}
{"obj": {"type": "LogStrings", "path": ["monitoring", "stderr"], "values": [{"value": "Traceback (most recent call last):\n", "step": null, "ts": 1653010770.5470514}]}, "version": 92}
{"obj": {"type": "LogStrings", "path": ["monitoring", "stderr"], "values": [{"value": "  File \"Adaptive_Auto_Attack_main.py\", line 656, in <module>\n", "step": null, "ts": 1653010770.5472338}]}, "version": 93}
{"obj": {"type": "LogStrings", "path": ["monitoring", "stderr"], "values": [{"value": "    ", "step": null, "ts": 1653010770.5477104}]}, "version": 94}
{"obj": {"type": "LogStrings", "path": ["monitoring", "stderr"], "values": [{"value": "main(flag='AAA',", "step": null, "ts": 1653010770.5478637}]}, "version": 95}
{"obj": {"type": "LogStrings", "path": ["monitoring", "stderr"], "values": [{"value": "\n", "step": null, "ts": 1653010770.5480196}]}, "version": 96}
{"obj": {"type": "LogStrings", "path": ["monitoring", "stderr"], "values": [{"value": "  File \"Adaptive_Auto_Attack_main.py\", line 575, in main\n", "step": null, "ts": 1653010770.548177}]}, "version": 97}
{"obj": {"type": "LogStrings", "path": ["monitoring", "stderr"], "values": [{"value": "    ", "step": null, "ts": 1653010770.548587}]}, "version": 98}
{"obj": {"type": "LogStrings", "path": ["monitoring", "stderr"], "values": [{"value": "Adaptive_Auto_white_box_attack(", "step": null, "ts": 1653010770.5487309}]}, "version": 99}
{"obj": {"type": "LogStrings", "path": ["monitoring", "stderr"], "values": [{"value": "\n", "step": null, "ts": 1653010770.5488784}]}, "version": 100}
{"obj": {"type": "LogStrings", "path": ["monitoring", "stderr"], "values": [{"value": "  File \"Adaptive_Auto_Attack_main.py\", line 331, in Adaptive_Auto_white_box_attack\n", "step": null, "ts": 1653010770.5490332}]}, "version": 101}
{"obj": {"type": "LogStrings", "path": ["monitoring", "stderr"], "values": [{"value": "    ", "step": null, "ts": 1653010770.5493698}]}, "version": 102}
{"obj": {"type": "LogStrings", "path": ["monitoring", "stderr"], "values": [{"value": "out_clean = model(X)", "step": null, "ts": 1653010770.549509}]}, "version": 103}
{"obj": {"type": "LogStrings", "path": ["monitoring", "stderr"], "values": [{"value": "\n", "step": null, "ts": 1653010770.5496526}]}, "version": 104}
{"obj": {"type": "LogStrings", "path": ["monitoring", "stderr"], "values": [{"value": "  File \"/opt/conda/lib/python3.8/site-packages/torch/nn/modules/module.py\", line 889, in _call_impl\n", "step": null, "ts": 1653010770.5498018}]}, "version": 105}
{"obj": {"type": "LogStrings", "path": ["monitoring", "stderr"], "values": [{"value": "    ", "step": null, "ts": 1653010770.550328}]}, "version": 106}
{"obj": {"type": "LogStrings", "path": ["monitoring", "stderr"], "values": [{"value": "result = self.forward(*input, **kwargs)", "step": null, "ts": 1653010770.5504773}]}, "version": 107}
{"obj": {"type": "LogStrings", "path": ["monitoring", "stderr"], "values": [{"value": "\n", "step": null, "ts": 1653010770.5506382}]}, "version": 108}
{"obj": {"type": "LogStrings", "path": ["monitoring", "stderr"], "values": [{"value": "  File \"/btherien/github/adaptive_auto_attack/models/mnist/small_cnn.py\", line 48, in forward\n", "step": null, "ts": 1653010770.5507896}]}, "version": 109}
{"obj": {"type": "LogStrings", "path": ["monitoring", "stderr"], "values": [{"value": "    ", "step": null, "ts": 1653010770.5510204}]}, "version": 110}
{"obj": {"type": "LogStrings", "path": ["monitoring", "stderr"], "values": [{"value": "features = self.feature_extractor(input)", "step": null, "ts": 1653010770.5511925}]}, "version": 111}
{"obj": {"type": "LogStrings", "path": ["monitoring", "stderr"], "values": [{"value": "\n", "step": null, "ts": 1653010770.5513368}]}, "version": 112}
{"obj": {"type": "LogStrings", "path": ["monitoring", "stderr"], "values": [{"value": "  File \"/opt/conda/lib/python3.8/site-packages/torch/nn/modules/module.py\", line 889, in _call_impl\n", "step": null, "ts": 1653010770.5514858}]}, "version": 113}
{"obj": {"type": "LogStrings", "path": ["monitoring", "stderr"], "values": [{"value": "    ", "step": null, "ts": 1653010770.5519943}]}, "version": 114}
{"obj": {"type": "LogStrings", "path": ["monitoring", "stderr"], "values": [{"value": "result = self.forward(*input, **kwargs)", "step": null, "ts": 1653010770.5521455}]}, "version": 115}
{"obj": {"type": "LogStrings", "path": ["monitoring", "stderr"], "values": [{"value": "\n", "step": null, "ts": 1653010770.5522916}]}, "version": 116}
{"obj": {"type": "LogStrings", "path": ["monitoring", "stderr"], "values": [{"value": "  File \"/opt/conda/lib/python3.8/site-packages/torch/nn/modules/container.py\", line 119, in forward\n", "step": null, "ts": 1653010770.5524454}]}, "version": 117}
{"obj": {"type": "LogStrings", "path": ["monitoring", "stderr"], "values": [{"value": "    ", "step": null, "ts": 1653010770.5526507}]}, "version": 118}
{"obj": {"type": "LogStrings", "path": ["monitoring", "stderr"], "values": [{"value": "input = module(input)", "step": null, "ts": 1653010770.5527265}]}, "version": 119}
{"obj": {"type": "LogStrings", "path": ["monitoring", "stderr"], "values": [{"value": "\n", "step": null, "ts": 1653010770.552805}]}, "version": 120}
{"obj": {"type": "LogStrings", "path": ["monitoring", "stderr"], "values": [{"value": "  File \"/opt/conda/lib/python3.8/site-packages/torch/nn/modules/module.py\", line 889, in _call_impl\n", "step": null, "ts": 1653010770.552886}]}, "version": 121}
{"obj": {"type": "LogStrings", "path": ["monitoring", "stderr"], "values": [{"value": "    ", "step": null, "ts": 1653010770.5531728}]}, "version": 122}
{"obj": {"type": "LogStrings", "path": ["monitoring", "stderr"], "values": [{"value": "result = self.forward(*input, **kwargs)", "step": null, "ts": 1653010770.553256}]}, "version": 123}
{"obj": {"type": "LogStrings", "path": ["monitoring", "stderr"], "values": [{"value": "\n", "step": null, "ts": 1653010770.5533378}]}, "version": 124}
{"obj": {"type": "LogStrings", "path": ["monitoring", "stderr"], "values": [{"value": "  File \"/opt/conda/lib/python3.8/site-packages/torch/nn/modules/pooling.py\", line 162, in forward\n", "step": null, "ts": 1653010770.553422}]}, "version": 125}
{"obj": {"type": "LogStrings", "path": ["monitoring", "stderr"], "values": [{"value": "    ", "step": null, "ts": 1653010770.5535762}]}, "version": 126}
{"obj": {"type": "LogStrings", "path": ["monitoring", "stderr"], "values": [{"value": "return F.max_pool2d(input, self.kernel_size, self.stride,", "step": null, "ts": 1653010770.5536542}]}, "version": 127}
{"obj": {"type": "LogStrings", "path": ["monitoring", "stderr"], "values": [{"value": "\n", "step": null, "ts": 1653010770.5537338}]}, "version": 128}
{"obj": {"type": "LogStrings", "path": ["monitoring", "stderr"], "values": [{"value": "  File \"/opt/conda/lib/python3.8/site-packages/torch/_jit_internal.py\", line 365, in fn\n", "step": null, "ts": 1653010770.553832}]}, "version": 129}
{"obj": {"type": "LogStrings", "path": ["monitoring", "stderr"], "values": [{"value": "    ", "step": null, "ts": 1653010770.5540252}]}, "version": 130}
{"obj": {"type": "LogStrings", "path": ["monitoring", "stderr"], "values": [{"value": "return if_false(*args, **kwargs)", "step": null, "ts": 1653010770.5541048}]}, "version": 131}
{"obj": {"type": "LogStrings", "path": ["monitoring", "stderr"], "values": [{"value": "\n", "step": null, "ts": 1653010770.5541942}]}, "version": 132}
{"obj": {"type": "LogStrings", "path": ["monitoring", "stderr"], "values": [{"value": "  File \"/opt/conda/lib/python3.8/site-packages/torch/nn/functional.py\", line 659, in _max_pool2d\n", "step": null, "ts": 1653010770.5542738}]}, "version": 133}
{"obj": {"type": "LogStrings", "path": ["monitoring", "stderr"], "values": [{"value": "    ", "step": null, "ts": 1653010770.554517}]}, "version": 134}
{"obj": {"type": "LogStrings", "path": ["monitoring", "stderr"], "values": [{"value": "return torch.max_pool2d(input, kernel_size, stride, padding, dilation, ceil_mode)", "step": null, "ts": 1653010770.5545964}]}, "version": 135}
{"obj": {"type": "LogStrings", "path": ["monitoring", "stderr"], "values": [{"value": "\n", "step": null, "ts": 1653010770.554681}]}, "version": 136}
{"obj": {"type": "LogStrings", "path": ["monitoring", "stderr"], "values": [{"value": "RuntimeError", "step": null, "ts": 1653010770.5547755}]}, "version": 137}
{"obj": {"type": "LogStrings", "path": ["monitoring", "stderr"], "values": [{"value": ": ", "step": null, "ts": 1653010770.5548494}]}, "version": 138}
{"obj": {"type": "LogStrings", "path": ["monitoring", "stderr"], "values": [{"value": "CUDA out of memory. Tried to allocate 352.00 MiB (GPU 0; 31.75 GiB total capacity; 1.70 GiB already allocated; 79.44 MiB free; 1.70 GiB reserved in total by PyTorch)", "step": null, "ts": 1653010770.5549197}]}, "version": 139}
{"obj": {"type": "LogStrings", "path": ["monitoring", "stderr"], "values": [{"value": "\n", "step": null, "ts": 1653010770.5549977}]}, "version": 140}
{"obj": {"type": "LogStrings", "path": ["monitoring", "stdout"], "values": [{"value": "", "step": null, "ts": 1653010770.555227}]}, "version": 141}
{"obj": {"type": "LogStrings", "path": ["monitoring", "stdout"], "values": [{"value": "Shutting down background jobs, please wait a moment...\n", "step": null, "ts": 1653010770.5553665}]}, "version": 142}
